<?xml version="1.0" encoding="UTF-8"?>
<coverage generated="1641928496625" clover="3.2.0">
  <project timestamp="1641928496625" name="All files">
    <metrics statements="11" coveredstatements="9" conditionals="4" coveredconditionals="2" methods="9" coveredmethods="6" elements="24" coveredelements="17" complexity="0" loc="11" ncloc="11" packages="1" files="1" classes="1"/>
    <file name="FplAPIHelpers.tsx" path="T:\Coding\FPLApp\App\Helpers\FplAPIHelpers.tsx">
      <metrics statements="11" coveredstatements="9" conditionals="4" coveredconditionals="2" methods="9" coveredmethods="6"/>
      <line num="7" count="0" type="stmt"/>
      <line num="11" count="10" type="cond" truecount="1" falsecount="1"/>
      <line num="12" count="0" type="stmt"/>
      <line num="14" count="1" type="stmt"/>
      <line num="16" count="1" type="cond" truecount="1" falsecount="1"/>
      <line num="17" count="1" type="stmt"/>
      <line num="19" count="14" type="stmt"/>
      <line num="20" count="1351" type="stmt"/>
      <line num="21" count="728" type="stmt"/>
      <line num="24" count="36" type="stmt"/>
      <line num="27" count="1" type="stmt"/>
    </file>
  </project>
</coverage>
