{"T:\\Coding\\FPLApp\\App\\Features\\Controls\\index.ts": {"path":"T:\\Coding\\FPLApp\\App\\Features\\Controls\\index.ts","statementMap":{},"fnMap":{},"branchMap":{},"s":{},"f":{},"b":{},"_coverageSchema":"1a1c01bbd47fc00a2c39e90264f33305004495a9","hash":"3d88a06a7c5d5b917034fb884f869c8dfa510b64"}
,"T:\\Coding\\FPLApp\\App\\Features\\Controls\\CloseButton\\CloseButton.tsx": {"path":"T:\\Coding\\FPLApp\\App\\Features\\Controls\\CloseButton\\CloseButton.tsx","statementMap":{"0":{"start":{"line":10,"column":20},"end":{"line":19,"column":1}},"1":{"start":{"line":12,"column":4},"end":{"line":18,"column":5}},"2":{"start":{"line":21,"column":15},"end":{"line":40,"column":2}}},"fnMap":{"0":{"name":"(anonymous_0)","decl":{"start":{"line":10,"column":20},"end":{"line":10,"column":21}},"loc":{"start":{"line":10,"column":59},"end":{"line":19,"column":1}},"line":10}},"branchMap":{},"s":{"0":14,"1":17,"2":14},"f":{"0":17},"b":{},"_coverageSchema":"1a1c01bbd47fc00a2c39e90264f33305004495a9","hash":"460f42c29c57cac0b56fd674b91bda0a42c16623"}
,"T:\\Coding\\FPLApp\\App\\Features\\Controls\\CustomButton\\CustomButton.tsx": {"path":"T:\\Coding\\FPLApp\\App\\Features\\Controls\\CustomButton\\CustomButton.tsx","statementMap":{"0":{"start":{"line":13,"column":21},"end":{"line":21,"column":1}},"1":{"start":{"line":16,"column":4},"end":{"line":20,"column":5}},"2":{"start":{"line":25,"column":15},"end":{"line":39,"column":2}}},"fnMap":{"0":{"name":"(anonymous_0)","decl":{"start":{"line":13,"column":21},"end":{"line":13,"column":22}},"loc":{"start":{"line":13,"column":84},"end":{"line":21,"column":1}},"line":13}},"branchMap":{"0":{"loc":{"start":{"line":13,"column":46},"end":{"line":13,"column":64}},"type":"default-arg","locations":[{"start":{"line":13,"column":59},"end":{"line":13,"column":64}}],"line":13}},"s":{"0":14,"1":62,"2":14},"f":{"0":62},"b":{"0":[54]},"_coverageSchema":"1a1c01bbd47fc00a2c39e90264f33305004495a9","hash":"57fdcb2127cb30bfe4de2915b71b45bb6dd41bed"}
,"T:\\Coding\\FPLApp\\App\\Features\\Controls\\Dropdown\\Dropdown.tsx": {"path":"T:\\Coding\\FPLApp\\App\\Features\\Controls\\Dropdown\\Dropdown.tsx","statementMap":{"0":{"start":{"line":18,"column":17},"end":{"line":67,"column":1}},"1":{"start":{"line":20,"column":44},"end":{"line":20,"column":59}},"2":{"start":{"line":22,"column":4},"end":{"line":24,"column":22}},"3":{"start":{"line":23,"column":8},"end":{"line":23,"column":27}},"4":{"start":{"line":26,"column":4},"end":{"line":28,"column":21}},"5":{"start":{"line":27,"column":8},"end":{"line":27,"column":31}},"6":{"start":{"line":30,"column":23},"end":{"line":33,"column":10}},"7":{"start":{"line":31,"column":8},"end":{"line":31,"column":43}},"8":{"start":{"line":32,"column":8},"end":{"line":32,"column":31}},"9":{"start":{"line":35,"column":4},"end":{"line":66,"column":5}},"10":{"start":{"line":39,"column":38},"end":{"line":39,"column":68}},"11":{"start":{"line":46,"column":101},"end":{"line":46,"column":123}},"12":{"start":{"line":48,"column":54},"end":{"line":48,"column":76}},"13":{"start":{"line":54,"column":46},"end":{"line":54,"column":50}},"14":{"start":{"line":56,"column":28},"end":{"line":58,"column":40}},"15":{"start":{"line":56,"column":78},"end":{"line":56,"column":98}}},"fnMap":{"0":{"name":"(anonymous_0)","decl":{"start":{"line":18,"column":17},"end":{"line":18,"column":18}},"loc":{"start":{"line":18,"column":43},"end":{"line":67,"column":1}},"line":18},"1":{"name":"(anonymous_1)","decl":{"start":{"line":22,"column":14},"end":{"line":22,"column":15}},"loc":{"start":{"line":22,"column":20},"end":{"line":24,"column":5}},"line":22},"2":{"name":"optionSelected","decl":{"start":{"line":26,"column":23},"end":{"line":26,"column":37}},"loc":{"start":{"line":26,"column":40},"end":{"line":28,"column":5}},"line":26},"3":{"name":"(anonymous_3)","decl":{"start":{"line":30,"column":35},"end":{"line":30,"column":36}},"loc":{"start":{"line":30,"column":41},"end":{"line":33,"column":5}},"line":30},"4":{"name":"(anonymous_4)","decl":{"start":{"line":39,"column":32},"end":{"line":39,"column":33}},"loc":{"start":{"line":39,"column":38},"end":{"line":39,"column":68}},"line":39},"5":{"name":"(anonymous_5)","decl":{"start":{"line":46,"column":95},"end":{"line":46,"column":96}},"loc":{"start":{"line":46,"column":101},"end":{"line":46,"column":123}},"line":46},"6":{"name":"(anonymous_6)","decl":{"start":{"line":48,"column":48},"end":{"line":48,"column":49}},"loc":{"start":{"line":48,"column":54},"end":{"line":48,"column":76}},"line":48},"7":{"name":"(anonymous_7)","decl":{"start":{"line":54,"column":38},"end":{"line":54,"column":39}},"loc":{"start":{"line":54,"column":46},"end":{"line":54,"column":50}},"line":54},"8":{"name":"(anonymous_8)","decl":{"start":{"line":55,"column":36},"end":{"line":55,"column":37}},"loc":{"start":{"line":56,"column":28},"end":{"line":58,"column":40}},"line":56},"9":{"name":"(anonymous_9)","decl":{"start":{"line":56,"column":72},"end":{"line":56,"column":73}},"loc":{"start":{"line":56,"column":78},"end":{"line":56,"column":98}},"line":56}},"branchMap":{},"s":{"0":14,"1":10,"2":10,"3":8,"4":10,"5":4,"6":10,"7":1,"8":1,"9":10,"10":3,"11":0,"12":1,"13":60,"14":60,"15":1},"f":{"0":10,"1":8,"2":4,"3":1,"4":3,"5":0,"6":1,"7":60,"8":60,"9":1},"b":{},"_coverageSchema":"1a1c01bbd47fc00a2c39e90264f33305004495a9","hash":"9fe552e5a163ffc189f1e4fe86c34b2b6325f8f5"}
,"T:\\Coding\\FPLApp\\App\\Features\\Controls\\Dropdown\\DropdownStyles.ts": {"path":"T:\\Coding\\FPLApp\\App\\Features\\Controls\\Dropdown\\DropdownStyles.ts","statementMap":{"0":{"start":{"line":4,"column":22},"end":{"line":92,"column":2}}},"fnMap":{},"branchMap":{},"s":{"0":14},"f":{},"b":{},"_coverageSchema":"1a1c01bbd47fc00a2c39e90264f33305004495a9","hash":"f1e9c9e4ad01c614fb1ab412dc960ddab4949052"}
,"T:\\Coding\\FPLApp\\App\\Features\\Controls\\PieChart\\PieChart.tsx": {"path":"T:\\Coding\\FPLApp\\App\\Features\\Controls\\PieChart\\PieChart.tsx","statementMap":{"0":{"start":{"line":15,"column":17},"end":{"line":47,"column":1}},"1":{"start":{"line":17,"column":40},"end":{"line":17,"column":55}},"2":{"start":{"line":19,"column":19},"end":{"line":19,"column":98}},"3":{"start":{"line":20,"column":26},"end":{"line":20,"column":46}},"4":{"start":{"line":22,"column":38},"end":{"line":22,"column":83}},"5":{"start":{"line":24,"column":26},"end":{"line":26,"column":10}},"6":{"start":{"line":25,"column":8},"end":{"line":25,"column":89}},"7":{"start":{"line":28,"column":4},"end":{"line":46,"column":5}},"8":{"start":{"line":51,"column":15},"end":{"line":68,"column":2}}},"fnMap":{"0":{"name":"(anonymous_0)","decl":{"start":{"line":15,"column":17},"end":{"line":15,"column":18}},"loc":{"start":{"line":15,"column":43},"end":{"line":47,"column":1}},"line":15},"1":{"name":"(anonymous_1)","decl":{"start":{"line":24,"column":38},"end":{"line":24,"column":39}},"loc":{"start":{"line":24,"column":68},"end":{"line":26,"column":5}},"line":24}},"branchMap":{"0":{"loc":{"start":{"line":19,"column":19},"end":{"line":19,"column":98}},"type":"cond-expr","locations":[{"start":{"line":19,"column":51},"end":{"line":19,"column":73}},{"start":{"line":19,"column":76},"end":{"line":19,"column":98}}],"line":19},"1":{"loc":{"start":{"line":30,"column":13},"end":{"line":38,"column":22}},"type":"binary-expr","locations":[{"start":{"line":30,"column":14},"end":{"line":30,"column":33}},{"start":{"line":31,"column":16},"end":{"line":38,"column":22}}],"line":30},"2":{"loc":{"start":{"line":31,"column":138},"end":{"line":31,"column":172}},"type":"cond-expr","locations":[{"start":{"line":31,"column":166},"end":{"line":31,"column":167}},{"start":{"line":31,"column":170},"end":{"line":31,"column":172}}],"line":31},"3":{"loc":{"start":{"line":33,"column":36},"end":{"line":33,"column":181}},"type":"cond-expr","locations":[{"start":{"line":33,"column":98},"end":{"line":33,"column":104}},{"start":{"line":33,"column":108},"end":{"line":33,"column":180}}],"line":33},"4":{"loc":{"start":{"line":33,"column":37},"end":{"line":33,"column":94}},"type":"binary-expr","locations":[{"start":{"line":33,"column":37},"end":{"line":33,"column":63}},{"start":{"line":33,"column":67},"end":{"line":33,"column":94}}],"line":33},"5":{"loc":{"start":{"line":33,"column":108},"end":{"line":33,"column":180}},"type":"cond-expr","locations":[{"start":{"line":33,"column":136},"end":{"line":33,"column":157}},{"start":{"line":33,"column":160},"end":{"line":33,"column":180}}],"line":33},"6":{"loc":{"start":{"line":35,"column":36},"end":{"line":35,"column":179}},"type":"cond-expr","locations":[{"start":{"line":35,"column":98},"end":{"line":35,"column":104}},{"start":{"line":35,"column":107},"end":{"line":35,"column":179}}],"line":35},"7":{"loc":{"start":{"line":35,"column":37},"end":{"line":35,"column":94}},"type":"binary-expr","locations":[{"start":{"line":35,"column":37},"end":{"line":35,"column":63}},{"start":{"line":35,"column":67},"end":{"line":35,"column":94}}],"line":35},"8":{"loc":{"start":{"line":35,"column":107},"end":{"line":35,"column":179}},"type":"cond-expr","locations":[{"start":{"line":35,"column":135},"end":{"line":35,"column":155}},{"start":{"line":35,"column":158},"end":{"line":35,"column":179}}],"line":35},"9":{"loc":{"start":{"line":36,"column":64},"end":{"line":36,"column":136}},"type":"cond-expr","locations":[{"start":{"line":36,"column":92},"end":{"line":36,"column":112}},{"start":{"line":36,"column":115},"end":{"line":36,"column":136}}],"line":36}},"s":{"0":14,"1":2,"2":2,"3":2,"4":2,"5":2,"6":0,"7":2,"8":14},"f":{"0":2,"1":0},"b":{"0":[0,2],"1":[2,2],"2":[2,0],"3":[0,2],"4":[2,0],"5":[2,0],"6":[0,2],"7":[2,0],"8":[2,0],"9":[2,0]},"_coverageSchema":"1a1c01bbd47fc00a2c39e90264f33305004495a9","hash":"7a0deed8ee65346d9326e800d16af37580adbaf1"}
,"T:\\Coding\\FPLApp\\App\\Features\\Controls\\SearchControl\\SearchControl.tsx": {"path":"T:\\Coding\\FPLApp\\App\\Features\\Controls\\SearchControl\\SearchControl.tsx","statementMap":{"0":{"start":{"line":13,"column":22},"end":{"line":27,"column":1}},"1":{"start":{"line":14,"column":4},"end":{"line":26,"column":5}},"2":{"start":{"line":31,"column":15},"end":{"line":47,"column":2}}},"fnMap":{"0":{"name":"(anonymous_0)","decl":{"start":{"line":13,"column":22},"end":{"line":13,"column":23}},"loc":{"start":{"line":13,"column":95},"end":{"line":27,"column":1}},"line":13}},"branchMap":{},"s":{"0":14,"1":2,"2":14},"f":{"0":2},"b":{},"_coverageSchema":"1a1c01bbd47fc00a2c39e90264f33305004495a9","hash":"2b64b91bbe1656fcc39fd7b28a45120417c08cad"}
,"T:\\Coding\\FPLApp\\App\\Features\\Controls\\ToolTip\\ToolTip.tsx": {"path":"T:\\Coding\\FPLApp\\App\\Features\\Controls\\ToolTip\\ToolTip.tsx","statementMap":{"0":{"start":{"line":22,"column":16},"end":{"line":38,"column":1}},"1":{"start":{"line":24,"column":4},"end":{"line":36,"column":5}},"2":{"start":{"line":28,"column":101},"end":{"line":28,"column":120}},"3":{"start":{"line":42,"column":15},"end":{"line":88,"column":2}}},"fnMap":{"0":{"name":"(anonymous_0)","decl":{"start":{"line":22,"column":16},"end":{"line":22,"column":17}},"loc":{"start":{"line":22,"column":178},"end":{"line":38,"column":1}},"line":22},"1":{"name":"(anonymous_1)","decl":{"start":{"line":28,"column":94},"end":{"line":28,"column":95}},"loc":{"start":{"line":28,"column":100},"end":{"line":28,"column":121}},"line":28}},"branchMap":{"0":{"loc":{"start":{"line":22,"column":113},"end":{"line":22,"column":132}},"type":"default-arg","locations":[{"start":{"line":22,"column":128},"end":{"line":22,"column":132}}],"line":22},"1":{"loc":{"start":{"line":26,"column":14},"end":{"line":33,"column":15}},"type":"binary-expr","locations":[{"start":{"line":26,"column":14},"end":{"line":26,"column":23}},{"start":{"line":27,"column":12},"end":{"line":33,"column":15}}],"line":26},"2":{"loc":{"start":{"line":30,"column":63},"end":{"line":30,"column":105}},"type":"cond-expr","locations":[{"start":{"line":30,"column":78},"end":{"line":30,"column":90}},{"start":{"line":30,"column":93},"end":{"line":30,"column":105}}],"line":30}},"s":{"0":14,"1":8,"2":1,"3":14},"f":{"0":8,"1":1},"b":{"0":[6],"1":[8,3],"2":[2,1]},"_coverageSchema":"1a1c01bbd47fc00a2c39e90264f33305004495a9","hash":"eba1aa1f41b63810199792bec2eb41a2b1144552"}
,"T:\\Coding\\FPLApp\\App\\Features\\Fixtures\\Fixtures.tsx": {"path":"T:\\Coding\\FPLApp\\App\\Features\\Fixtures\\Fixtures.tsx","statementMap":{"0":{"start":{"line":25,"column":2},"end":{"line":27,"column":3}},"1":{"start":{"line":26,"column":4},"end":{"line":26,"column":14}},"2":{"start":{"line":28,"column":2},"end":{"line":28,"column":11}},"3":{"start":{"line":31,"column":17},"end":{"line":165,"column":1}},"4":{"start":{"line":33,"column":19},"end":{"line":33,"column":35}},"5":{"start":{"line":34,"column":23},"end":{"line":34,"column":101}},"6":{"start":{"line":34,"column":59},"end":{"line":34,"column":92}},"7":{"start":{"line":35,"column":19},"end":{"line":35,"column":54}},"8":{"start":{"line":35,"column":43},"end":{"line":35,"column":53}},"9":{"start":{"line":36,"column":21},"end":{"line":36,"column":62}},"10":{"start":{"line":36,"column":45},"end":{"line":36,"column":61}},"11":{"start":{"line":38,"column":31},"end":{"line":38,"column":55}},"12":{"start":{"line":39,"column":21},"end":{"line":39,"column":58}},"13":{"start":{"line":41,"column":28},"end":{"line":44,"column":4}},"14":{"start":{"line":46,"column":17},"end":{"line":52,"column":8}},"15":{"start":{"line":47,"column":4},"end":{"line":51,"column":15}},"16":{"start":{"line":54,"column":19},"end":{"line":60,"column":7}},"17":{"start":{"line":55,"column":6},"end":{"line":59,"column":17}},"18":{"start":{"line":62,"column":2},"end":{"line":77,"column":11}},"19":{"start":{"line":64,"column":20},"end":{"line":64,"column":46}},"20":{"start":{"line":66,"column":8},"end":{"line":72,"column":9}},"21":{"start":{"line":67,"column":30},"end":{"line":67,"column":75}},"22":{"start":{"line":67,"column":49},"end":{"line":67,"column":74}},"23":{"start":{"line":69,"column":10},"end":{"line":71,"column":11}},"24":{"start":{"line":70,"column":12},"end":{"line":70,"column":119}},"25":{"start":{"line":75,"column":6},"end":{"line":75,"column":16}},"26":{"start":{"line":79,"column":2},"end":{"line":101,"column":28}},"27":{"start":{"line":81,"column":6},"end":{"line":81,"column":74}},"28":{"start":{"line":83,"column":6},"end":{"line":96,"column":7}},"29":{"start":{"line":84,"column":63},"end":{"line":85,"column":134}},"30":{"start":{"line":84,"column":94},"end":{"line":84,"column":135}},"31":{"start":{"line":85,"column":101},"end":{"line":85,"column":133}},"32":{"start":{"line":87,"column":8},"end":{"line":95,"column":9}},"33":{"start":{"line":89,"column":10},"end":{"line":94,"column":11}},"34":{"start":{"line":90,"column":12},"end":{"line":90,"column":84}},"35":{"start":{"line":93,"column":12},"end":{"line":93,"column":38}},"36":{"start":{"line":98,"column":6},"end":{"line":100,"column":7}},"37":{"start":{"line":99,"column":8},"end":{"line":99,"column":39}},"38":{"start":{"line":103,"column":30},"end":{"line":105,"column":10}},"39":{"start":{"line":104,"column":6},"end":{"line":104,"column":32}},"40":{"start":{"line":107,"column":34},"end":{"line":114,"column":20}},"41":{"start":{"line":108,"column":6},"end":{"line":112,"column":7}},"42":{"start":{"line":109,"column":8},"end":{"line":109,"column":35}},"43":{"start":{"line":111,"column":8},"end":{"line":111,"column":39}},"44":{"start":{"line":116,"column":4},"end":{"line":122,"column":21}},"45":{"start":{"line":117,"column":6},"end":{"line":121,"column":7}},"46":{"start":{"line":118,"column":8},"end":{"line":118,"column":17}},"47":{"start":{"line":120,"column":8},"end":{"line":120,"column":19}},"48":{"start":{"line":124,"column":34},"end":{"line":126,"column":10}},"49":{"start":{"line":125,"column":6},"end":{"line":125,"column":36}},"50":{"start":{"line":128,"column":2},"end":{"line":164,"column":3}},"51":{"start":{"line":157,"column":43},"end":{"line":157,"column":84}},"52":{"start":{"line":158,"column":50},"end":{"line":158,"column":82}},"53":{"start":{"line":159,"column":40},"end":{"line":159,"column":142}}},"fnMap":{"0":{"name":"SortFixtures","decl":{"start":{"line":24,"column":9},"end":{"line":24,"column":21}},"loc":{"start":{"line":24,"column":75},"end":{"line":29,"column":1}},"line":24},"1":{"name":"(anonymous_1)","decl":{"start":{"line":31,"column":17},"end":{"line":31,"column":18}},"loc":{"start":{"line":31,"column":71},"end":{"line":165,"column":1}},"line":31},"2":{"name":"(anonymous_2)","decl":{"start":{"line":34,"column":46},"end":{"line":34,"column":47}},"loc":{"start":{"line":34,"column":57},"end":{"line":34,"column":94}},"line":34},"3":{"name":"(anonymous_3)","decl":{"start":{"line":35,"column":34},"end":{"line":35,"column":35}},"loc":{"start":{"line":35,"column":43},"end":{"line":35,"column":53}},"line":35},"4":{"name":"(anonymous_4)","decl":{"start":{"line":36,"column":36},"end":{"line":36,"column":37}},"loc":{"start":{"line":36,"column":45},"end":{"line":36,"column":61}},"line":36},"5":{"name":"(anonymous_5)","decl":{"start":{"line":46,"column":29},"end":{"line":46,"column":30}},"loc":{"start":{"line":46,"column":35},"end":{"line":52,"column":3}},"line":46},"6":{"name":"(anonymous_6)","decl":{"start":{"line":54,"column":31},"end":{"line":54,"column":32}},"loc":{"start":{"line":54,"column":37},"end":{"line":60,"column":3}},"line":54},"7":{"name":"setInitialData","decl":{"start":{"line":62,"column":22},"end":{"line":62,"column":36}},"loc":{"start":{"line":62,"column":39},"end":{"line":77,"column":5}},"line":62},"8":{"name":"setTeam","decl":{"start":{"line":63,"column":21},"end":{"line":63,"column":28}},"loc":{"start":{"line":63,"column":31},"end":{"line":73,"column":7}},"line":63},"9":{"name":"(anonymous_9)","decl":{"start":{"line":67,"column":41},"end":{"line":67,"column":42}},"loc":{"start":{"line":67,"column":49},"end":{"line":67,"column":74}},"line":67},"10":{"name":"setSelectedFixture","decl":{"start":{"line":79,"column":22},"end":{"line":79,"column":40}},"loc":{"start":{"line":79,"column":43},"end":{"line":101,"column":5}},"line":79},"11":{"name":"(anonymous_11)","decl":{"start":{"line":84,"column":79},"end":{"line":84,"column":80}},"loc":{"start":{"line":84,"column":92},"end":{"line":84,"column":136}},"line":84},"12":{"name":"(anonymous_12)","decl":{"start":{"line":85,"column":77},"end":{"line":85,"column":78}},"loc":{"start":{"line":85,"column":101},"end":{"line":85,"column":133}},"line":85},"13":{"name":"(anonymous_13)","decl":{"start":{"line":103,"column":42},"end":{"line":103,"column":43}},"loc":{"start":{"line":103,"column":48},"end":{"line":105,"column":5}},"line":103},"14":{"name":"(anonymous_14)","decl":{"start":{"line":107,"column":46},"end":{"line":107,"column":47}},"loc":{"start":{"line":107,"column":52},"end":{"line":114,"column":5}},"line":107},"15":{"name":"openAndCloseFixtureView","decl":{"start":{"line":116,"column":24},"end":{"line":116,"column":47}},"loc":{"start":{"line":116,"column":50},"end":{"line":122,"column":5}},"line":116},"16":{"name":"(anonymous_16)","decl":{"start":{"line":124,"column":46},"end":{"line":124,"column":47}},"loc":{"start":{"line":124,"column":52},"end":{"line":126,"column":5}},"line":124},"17":{"name":"(anonymous_17)","decl":{"start":{"line":157,"column":28},"end":{"line":157,"column":29}},"loc":{"start":{"line":157,"column":41},"end":{"line":157,"column":85}},"line":157},"18":{"name":"(anonymous_18)","decl":{"start":{"line":158,"column":26},"end":{"line":158,"column":27}},"loc":{"start":{"line":158,"column":50},"end":{"line":158,"column":82}},"line":158},"19":{"name":"(anonymous_19)","decl":{"start":{"line":159,"column":25},"end":{"line":159,"column":26}},"loc":{"start":{"line":159,"column":38},"end":{"line":159,"column":144}},"line":159}},"branchMap":{"0":{"loc":{"start":{"line":25,"column":2},"end":{"line":27,"column":3}},"type":"if","locations":[{"start":{"line":25,"column":2},"end":{"line":27,"column":3}},{"start":{},"end":{}}],"line":25},"1":{"loc":{"start":{"line":25,"column":6},"end":{"line":25,"column":86}},"type":"binary-expr","locations":[{"start":{"line":25,"column":6},"end":{"line":25,"column":44}},{"start":{"line":25,"column":48},"end":{"line":25,"column":86}}],"line":25},"2":{"loc":{"start":{"line":66,"column":8},"end":{"line":72,"column":9}},"type":"if","locations":[{"start":{"line":66,"column":8},"end":{"line":72,"column":9}},{"start":{},"end":{}}],"line":66},"3":{"loc":{"start":{"line":69,"column":10},"end":{"line":71,"column":11}},"type":"if","locations":[{"start":{"line":69,"column":10},"end":{"line":71,"column":11}},{"start":{},"end":{}}],"line":69},"4":{"loc":{"start":{"line":70,"column":21},"end":{"line":70,"column":118}},"type":"cond-expr","locations":[{"start":{"line":70,"column":50},"end":{"line":70,"column":82}},{"start":{"line":70,"column":85},"end":{"line":70,"column":118}}],"line":70},"5":{"loc":{"start":{"line":83,"column":6},"end":{"line":96,"column":7}},"type":"if","locations":[{"start":{"line":83,"column":6},"end":{"line":96,"column":7}},{"start":{},"end":{}}],"line":83},"6":{"loc":{"start":{"line":87,"column":8},"end":{"line":95,"column":9}},"type":"if","locations":[{"start":{"line":87,"column":8},"end":{"line":95,"column":9}},{"start":{},"end":{}}],"line":87},"7":{"loc":{"start":{"line":89,"column":10},"end":{"line":94,"column":11}},"type":"if","locations":[{"start":{"line":89,"column":10},"end":{"line":94,"column":11}},{"start":{"line":92,"column":15},"end":{"line":94,"column":11}}],"line":89},"8":{"loc":{"start":{"line":98,"column":6},"end":{"line":100,"column":7}},"type":"if","locations":[{"start":{"line":98,"column":6},"end":{"line":100,"column":7}},{"start":{},"end":{}}],"line":98},"9":{"loc":{"start":{"line":98,"column":10},"end":{"line":98,"column":96}},"type":"binary-expr","locations":[{"start":{"line":98,"column":11},"end":{"line":98,"column":43}},{"start":{"line":98,"column":49},"end":{"line":98,"column":95}}],"line":98},"10":{"loc":{"start":{"line":108,"column":6},"end":{"line":112,"column":7}},"type":"if","locations":[{"start":{"line":108,"column":6},"end":{"line":112,"column":7}},{"start":{"line":110,"column":13},"end":{"line":112,"column":7}}],"line":108},"11":{"loc":{"start":{"line":117,"column":6},"end":{"line":121,"column":7}},"type":"if","locations":[{"start":{"line":117,"column":6},"end":{"line":121,"column":7}},{"start":{"line":119,"column":13},"end":{"line":121,"column":7}}],"line":117},"12":{"loc":{"start":{"line":151,"column":32},"end":{"line":151,"column":95}},"type":"cond-expr","locations":[{"start":{"line":151,"column":83},"end":{"line":151,"column":88}},{"start":{"line":151,"column":91},"end":{"line":151,"column":95}}],"line":151},"13":{"loc":{"start":{"line":154,"column":43},"end":{"line":154,"column":148}},"type":"cond-expr","locations":[{"start":{"line":154,"column":94},"end":{"line":154,"column":143}},{"start":{"line":154,"column":146},"end":{"line":154,"column":148}}],"line":154}},"s":{"0":107,"1":0,"2":107,"3":1,"4":7,"5":7,"6":266,"7":7,"8":13,"9":7,"10":13,"11":7,"12":7,"13":7,"14":7,"15":2,"16":7,"17":5,"18":7,"19":3,"20":3,"21":3,"22":0,"23":3,"24":0,"25":3,"26":7,"27":3,"28":3,"29":0,"30":0,"31":0,"32":0,"33":0,"34":0,"35":0,"36":3,"37":0,"38":7,"39":0,"40":7,"41":3,"42":1,"43":2,"44":7,"45":7,"46":2,"47":5,"48":7,"49":0,"50":7,"51":2660,"52":107,"53":114},"f":{"0":107,"1":7,"2":266,"3":13,"4":13,"5":2,"6":5,"7":3,"8":3,"9":0,"10":3,"11":0,"12":0,"13":0,"14":3,"15":7,"16":0,"17":2660,"18":107,"19":114},"b":{"0":[0,107],"1":[107,80],"2":[3,0],"3":[0,3],"4":[0,0],"5":[0,3],"6":[0,0],"7":[0,0],"8":[0,3],"9":[3,0],"10":[1,2],"11":[2,5],"12":[2,5],"13":[2,5]},"_coverageSchema":"1a1c01bbd47fc00a2c39e90264f33305004495a9","hash":"cd5ad188f8fb030b17f295812a6cb5d43213ce3d"}
,"T:\\Coding\\FPLApp\\App\\Features\\Fixtures\\FixturesStyles.ts": {"path":"T:\\Coding\\FPLApp\\App\\Features\\Fixtures\\FixturesStyles.ts","statementMap":{"0":{"start":{"line":4,"column":22},"end":{"line":67,"column":2}}},"fnMap":{},"branchMap":{},"s":{"0":1},"f":{},"b":{},"_coverageSchema":"1a1c01bbd47fc00a2c39e90264f33305004495a9","hash":"453419b5b02b1e5abd879acd75c5874941c972ed"}
,"T:\\Coding\\FPLApp\\App\\Features\\Fixtures\\index.ts": {"path":"T:\\Coding\\FPLApp\\App\\Features\\Fixtures\\index.ts","statementMap":{},"fnMap":{},"branchMap":{},"s":{},"f":{},"b":{},"_coverageSchema":"1a1c01bbd47fc00a2c39e90264f33305004495a9","hash":"23abe1aa043911184c09513548d0918b05401a4f"}
,"T:\\Coding\\FPLApp\\App\\Features\\Fixtures\\FixtureCard\\FixtureCard.tsx": {"path":"T:\\Coding\\FPLApp\\App\\Features\\Fixtures\\FixtureCard\\FixtureCard.tsx","statementMap":{"0":{"start":{"line":26,"column":24},"end":{"line":40,"column":1}},"1":{"start":{"line":28,"column":4},"end":{"line":39,"column":5}},"2":{"start":{"line":29,"column":8},"end":{"line":38,"column":9}},"3":{"start":{"line":30,"column":11},"end":{"line":31,"column":95}},"4":{"start":{"line":32,"column":15},"end":{"line":38,"column":9}},"5":{"start":{"line":33,"column":24},"end":{"line":33,"column":65}},"6":{"start":{"line":34,"column":11},"end":{"line":35,"column":135}},"7":{"start":{"line":37,"column":12},"end":{"line":37,"column":102}},"8":{"start":{"line":42,"column":20},"end":{"line":77,"column":1}},"9":{"start":{"line":44,"column":21},"end":{"line":44,"column":37}},"10":{"start":{"line":45,"column":23},"end":{"line":45,"column":64}},"11":{"start":{"line":45,"column":47},"end":{"line":45,"column":63}},"12":{"start":{"line":47,"column":20},"end":{"line":54,"column":5}},"13":{"start":{"line":49,"column":8},"end":{"line":51,"column":9}},"14":{"start":{"line":50,"column":12},"end":{"line":50,"column":39}},"15":{"start":{"line":53,"column":8},"end":{"line":53,"column":42}},"16":{"start":{"line":56,"column":4},"end":{"line":76,"column":5}}},"fnMap":{"0":{"name":"(anonymous_0)","decl":{"start":{"line":26,"column":24},"end":{"line":26,"column":25}},"loc":{"start":{"line":26,"column":72},"end":{"line":40,"column":1}},"line":26},"1":{"name":"(anonymous_1)","decl":{"start":{"line":42,"column":20},"end":{"line":42,"column":21}},"loc":{"start":{"line":42,"column":77},"end":{"line":77,"column":1}},"line":42},"2":{"name":"(anonymous_2)","decl":{"start":{"line":45,"column":38},"end":{"line":45,"column":39}},"loc":{"start":{"line":45,"column":47},"end":{"line":45,"column":63}},"line":45},"3":{"name":"(anonymous_3)","decl":{"start":{"line":47,"column":20},"end":{"line":47,"column":21}},"loc":{"start":{"line":47,"column":26},"end":{"line":54,"column":5}},"line":47}},"branchMap":{"0":{"loc":{"start":{"line":28,"column":4},"end":{"line":39,"column":5}},"type":"if","locations":[{"start":{"line":28,"column":4},"end":{"line":39,"column":5}},{"start":{},"end":{}}],"line":28},"1":{"loc":{"start":{"line":29,"column":8},"end":{"line":38,"column":9}},"type":"if","locations":[{"start":{"line":29,"column":8},"end":{"line":38,"column":9}},{"start":{"line":32,"column":15},"end":{"line":38,"column":9}}],"line":29},"2":{"loc":{"start":{"line":32,"column":15},"end":{"line":38,"column":9}},"type":"if","locations":[{"start":{"line":32,"column":15},"end":{"line":38,"column":9}},{"start":{"line":36,"column":15},"end":{"line":38,"column":9}}],"line":32},"3":{"loc":{"start":{"line":49,"column":8},"end":{"line":51,"column":9}},"type":"if","locations":[{"start":{"line":49,"column":8},"end":{"line":51,"column":9}},{"start":{},"end":{}}],"line":49}},"s":{"0":2,"1":117,"2":117,"3":31,"4":86,"5":1,"6":1,"7":85,"8":2,"9":117,"10":117,"11":210,"12":117,"13":1,"14":1,"15":1,"16":117},"f":{"0":117,"1":117,"2":210,"3":1},"b":{"0":[117,0],"1":[31,86],"2":[1,85],"3":[1,0]},"_coverageSchema":"1a1c01bbd47fc00a2c39e90264f33305004495a9","hash":"873839b6a1cd49922d8de61405127c0c1995deff"}
,"T:\\Coding\\FPLApp\\App\\Features\\Fixtures\\FixtureCard\\FixtureCardStyles.ts": {"path":"T:\\Coding\\FPLApp\\App\\Features\\Fixtures\\FixtureCard\\FixtureCardStyles.ts","statementMap":{"0":{"start":{"line":4,"column":22},"end":{"line":78,"column":2}}},"fnMap":{},"branchMap":{},"s":{"0":2},"f":{},"b":{},"_coverageSchema":"1a1c01bbd47fc00a2c39e90264f33305004495a9","hash":"dab67f5e443ccb262f91e940206b5037c8db6113"}
,"T:\\Coding\\FPLApp\\App\\Features\\Fixtures\\FixtureCard\\index.ts": {"path":"T:\\Coding\\FPLApp\\App\\Features\\Fixtures\\FixtureCard\\index.ts","statementMap":{},"fnMap":{},"branchMap":{},"s":{},"f":{},"b":{},"_coverageSchema":"1a1c01bbd47fc00a2c39e90264f33305004495a9","hash":"510580282136a0365efef7249e467b97084002b9"}
,"T:\\Coding\\FPLApp\\App\\Features\\Fixtures\\FixtureCard\\TeamEmblem\\TeamEmblem.tsx": {"path":"T:\\Coding\\FPLApp\\App\\Features\\Fixtures\\FixtureCard\\TeamEmblem\\TeamEmblem.tsx","statementMap":{"0":{"start":{"line":12,"column":19},"end":{"line":22,"column":1}},"1":{"start":{"line":14,"column":4},"end":{"line":21,"column":5}}},"fnMap":{"0":{"name":"(anonymous_0)","decl":{"start":{"line":12,"column":19},"end":{"line":12,"column":20}},"loc":{"start":{"line":12,"column":47},"end":{"line":22,"column":1}},"line":12}},"branchMap":{"0":{"loc":{"start":{"line":16,"column":13},"end":{"line":18,"column":196}},"type":"binary-expr","locations":[{"start":{"line":16,"column":14},"end":{"line":16,"column":18}},{"start":{"line":17,"column":12},"end":{"line":18,"column":196}}],"line":16}},"s":{"0":3,"1":236},"f":{"0":236},"b":{"0":[236,235]},"_coverageSchema":"1a1c01bbd47fc00a2c39e90264f33305004495a9","hash":"a11015b8f2585d4297647c6a8d63a5b23c91c9ab"}
,"T:\\Coding\\FPLApp\\App\\Features\\Fixtures\\FixtureCard\\TeamEmblem\\TeamEmblemStyles.ts": {"path":"T:\\Coding\\FPLApp\\App\\Features\\Fixtures\\FixtureCard\\TeamEmblem\\TeamEmblemStyles.ts","statementMap":{"0":{"start":{"line":3,"column":22},"end":{"line":14,"column":2}}},"fnMap":{},"branchMap":{},"s":{"0":3},"f":{},"b":{},"_coverageSchema":"1a1c01bbd47fc00a2c39e90264f33305004495a9","hash":"22f0755d6a4f010a4e42ee222b23a6b3cf90482a"}
,"T:\\Coding\\FPLApp\\App\\Features\\Fixtures\\FixtureCard\\TeamEmblem\\index.ts": {"path":"T:\\Coding\\FPLApp\\App\\Features\\Fixtures\\FixtureCard\\TeamEmblem\\index.ts","statementMap":{},"fnMap":{},"branchMap":{},"s":{},"f":{},"b":{},"_coverageSchema":"1a1c01bbd47fc00a2c39e90264f33305004495a9","hash":"ccef6ed7d7ac7d89c88032792dd4e6efa5a22914"}
,"T:\\Coding\\FPLApp\\App\\Features\\LineupView\\LineupView.tsx": {"path":"T:\\Coding\\FPLApp\\App\\Features\\LineupView\\LineupView.tsx","statementMap":{"0":{"start":{"line":42,"column":19},"end":{"line":141,"column":1}},"1":{"start":{"line":44,"column":21},"end":{"line":44,"column":37}},"2":{"start":{"line":46,"column":66},"end":{"line":46,"column":81}},"3":{"start":{"line":48,"column":32},"end":{"line":50,"column":10}},"4":{"start":{"line":49,"column":8},"end":{"line":49,"column":34}},"5":{"start":{"line":52,"column":29},"end":{"line":54,"column":10}},"6":{"start":{"line":53,"column":8},"end":{"line":53,"column":38}},"7":{"start":{"line":56,"column":32},"end":{"line":58,"column":10}},"8":{"start":{"line":57,"column":8},"end":{"line":57,"column":42}},"9":{"start":{"line":60,"column":34},"end":{"line":62,"column":10}},"10":{"start":{"line":61,"column":8},"end":{"line":61,"column":46}},"11":{"start":{"line":64,"column":4},"end":{"line":140,"column":5}},"12":{"start":{"line":87,"column":131},"end":{"line":87,"column":183}},"13":{"start":{"line":119,"column":107},"end":{"line":119,"column":132}}},"fnMap":{"0":{"name":"(anonymous_0)","decl":{"start":{"line":42,"column":19},"end":{"line":42,"column":20}},"loc":{"start":{"line":42,"column":186},"end":{"line":141,"column":1}},"line":42},"1":{"name":"(anonymous_1)","decl":{"start":{"line":48,"column":44},"end":{"line":48,"column":45}},"loc":{"start":{"line":48,"column":50},"end":{"line":50,"column":5}},"line":48},"2":{"name":"(anonymous_2)","decl":{"start":{"line":52,"column":41},"end":{"line":52,"column":42}},"loc":{"start":{"line":52,"column":47},"end":{"line":54,"column":5}},"line":52},"3":{"name":"(anonymous_3)","decl":{"start":{"line":56,"column":44},"end":{"line":56,"column":45}},"loc":{"start":{"line":56,"column":50},"end":{"line":58,"column":5}},"line":56},"4":{"name":"(anonymous_4)","decl":{"start":{"line":60,"column":46},"end":{"line":60,"column":47}},"loc":{"start":{"line":60,"column":52},"end":{"line":62,"column":5}},"line":60},"5":{"name":"(anonymous_5)","decl":{"start":{"line":87,"column":125},"end":{"line":87,"column":126}},"loc":{"start":{"line":87,"column":131},"end":{"line":87,"column":183}},"line":87},"6":{"name":"(anonymous_6)","decl":{"start":{"line":119,"column":101},"end":{"line":119,"column":102}},"loc":{"start":{"line":119,"column":107},"end":{"line":119,"column":132}},"line":119}},"branchMap":{"0":{"loc":{"start":{"line":80,"column":28},"end":{"line":91,"column":37}},"type":"cond-expr","locations":[{"start":{"line":81,"column":32},"end":{"line":83,"column":39}},{"start":{"line":84,"column":28},"end":{"line":91,"column":37}}],"line":80},"1":{"loc":{"start":{"line":80,"column":29},"end":{"line":80,"column":80}},"type":"binary-expr","locations":[{"start":{"line":80,"column":29},"end":{"line":80,"column":68}},{"start":{"line":80,"column":72},"end":{"line":80,"column":80}}],"line":80},"2":{"loc":{"start":{"line":84,"column":28},"end":{"line":91,"column":37}},"type":"cond-expr","locations":[{"start":{"line":85,"column":32},"end":{"line":85,"column":75}},{"start":{"line":86,"column":28},"end":{"line":91,"column":37}}],"line":84},"3":{"loc":{"start":{"line":86,"column":28},"end":{"line":91,"column":37}},"type":"cond-expr","locations":[{"start":{"line":87,"column":32},"end":{"line":90,"column":51}},{"start":{"line":91,"column":32},"end":{"line":91,"column":37}}],"line":86},"4":{"loc":{"start":{"line":86,"column":29},"end":{"line":86,"column":108}},"type":"binary-expr","locations":[{"start":{"line":86,"column":29},"end":{"line":86,"column":66}},{"start":{"line":86,"column":70},"end":{"line":86,"column":108}}],"line":86},"5":{"loc":{"start":{"line":107,"column":17},"end":{"line":122,"column":29}},"type":"cond-expr","locations":[{"start":{"line":108,"column":20},"end":{"line":109,"column":103}},{"start":{"line":111,"column":18},"end":{"line":122,"column":28}}],"line":107},"6":{"loc":{"start":{"line":107,"column":18},"end":{"line":107,"column":109}},"type":"binary-expr","locations":[{"start":{"line":107,"column":18},"end":{"line":107,"column":56}},{"start":{"line":107,"column":60},"end":{"line":107,"column":79}},{"start":{"line":107,"column":83},"end":{"line":107,"column":97}},{"start":{"line":107,"column":101},"end":{"line":107,"column":109}}],"line":107},"7":{"loc":{"start":{"line":111,"column":18},"end":{"line":122,"column":28}},"type":"cond-expr","locations":[{"start":{"line":112,"column":20},"end":{"line":113,"column":129}},{"start":{"line":115,"column":18},"end":{"line":122,"column":27}}],"line":111},"8":{"loc":{"start":{"line":111,"column":19},"end":{"line":111,"column":107}},"type":"binary-expr","locations":[{"start":{"line":111,"column":19},"end":{"line":111,"column":56}},{"start":{"line":111,"column":60},"end":{"line":111,"column":78}},{"start":{"line":111,"column":82},"end":{"line":111,"column":95}},{"start":{"line":111,"column":99},"end":{"line":111,"column":107}}],"line":111},"9":{"loc":{"start":{"line":115,"column":18},"end":{"line":122,"column":27}},"type":"cond-expr","locations":[{"start":{"line":116,"column":20},"end":{"line":116,"column":110}},{"start":{"line":118,"column":20},"end":{"line":122,"column":27}}],"line":115},"10":{"loc":{"start":{"line":115,"column":19},"end":{"line":115,"column":151}},"type":"binary-expr","locations":[{"start":{"line":115,"column":19},"end":{"line":115,"column":56}},{"start":{"line":115,"column":60},"end":{"line":115,"column":98}},{"start":{"line":115,"column":102},"end":{"line":115,"column":139}},{"start":{"line":115,"column":143},"end":{"line":115,"column":151}}],"line":115}},"s":{"0":1,"1":4,"2":4,"3":4,"4":0,"5":4,"6":0,"7":4,"8":0,"9":4,"10":0,"11":4,"12":0,"13":0},"f":{"0":4,"1":0,"2":0,"3":0,"4":0,"5":0,"6":0},"b":{"0":[1,3],"1":[4,1],"2":[1,2],"3":[1,1],"4":[2,1],"5":[0,4],"6":[4,0,0,0],"7":[1,3],"8":[4,1,1,1],"9":[2,1],"10":[3,3,3,2]},"_coverageSchema":"1a1c01bbd47fc00a2c39e90264f33305004495a9","hash":"67e22d27be936e2e97a97709d08604dedebd1365"}
,"T:\\Coding\\FPLApp\\App\\Features\\LineupView\\LineupViewQueriesContainer.tsx": {"path":"T:\\Coding\\FPLApp\\App\\Features\\LineupView\\LineupViewQueriesContainer.tsx","statementMap":{"0":{"start":{"line":15,"column":35},"end":{"line":38,"column":1}},"1":{"start":{"line":17,"column":21},"end":{"line":17,"column":58}},"2":{"start":{"line":17,"column":47},"end":{"line":17,"column":57}},"3":{"start":{"line":19,"column":21},"end":{"line":19,"column":117}},"4":{"start":{"line":21,"column":26},"end":{"line":21,"column":169}},"5":{"start":{"line":22,"column":26},"end":{"line":22,"column":116}},"6":{"start":{"line":23,"column":26},"end":{"line":23,"column":123}},"7":{"start":{"line":24,"column":28},"end":{"line":24,"column":172}},"8":{"start":{"line":26,"column":27},"end":{"line":26,"column":172}},"9":{"start":{"line":27,"column":27},"end":{"line":27,"column":125}},"10":{"start":{"line":29,"column":4},"end":{"line":37,"column":5}}},"fnMap":{"0":{"name":"(anonymous_0)","decl":{"start":{"line":15,"column":35},"end":{"line":15,"column":36}},"loc":{"start":{"line":15,"column":95},"end":{"line":38,"column":1}},"line":15},"1":{"name":"(anonymous_1)","decl":{"start":{"line":17,"column":36},"end":{"line":17,"column":37}},"loc":{"start":{"line":17,"column":47},"end":{"line":17,"column":57}},"line":17}},"branchMap":{"0":{"loc":{"start":{"line":19,"column":45},"end":{"line":19,"column":116}},"type":"cond-expr","locations":[{"start":{"line":19,"column":87},"end":{"line":19,"column":104}},{"start":{"line":19,"column":107},"end":{"line":19,"column":116}}],"line":19},"1":{"loc":{"start":{"line":21,"column":56},"end":{"line":21,"column":168}},"type":"cond-expr","locations":[{"start":{"line":21,"column":98},"end":{"line":21,"column":156}},{"start":{"line":21,"column":159},"end":{"line":21,"column":168}}],"line":21},"2":{"loc":{"start":{"line":22,"column":51},"end":{"line":22,"column":114}},"type":"cond-expr","locations":[{"start":{"line":22,"column":93},"end":{"line":22,"column":102}},{"start":{"line":22,"column":105},"end":{"line":22,"column":114}}],"line":22},"3":{"loc":{"start":{"line":23,"column":51},"end":{"line":23,"column":121}},"type":"cond-expr","locations":[{"start":{"line":23,"column":93},"end":{"line":23,"column":109}},{"start":{"line":23,"column":112},"end":{"line":23,"column":121}}],"line":23},"4":{"loc":{"start":{"line":24,"column":55},"end":{"line":24,"column":171}},"type":"cond-expr","locations":[{"start":{"line":24,"column":121},"end":{"line":24,"column":159}},{"start":{"line":24,"column":162},"end":{"line":24,"column":171}}],"line":24},"5":{"loc":{"start":{"line":24,"column":56},"end":{"line":24,"column":117}},"type":"binary-expr","locations":[{"start":{"line":24,"column":57},"end":{"line":24,"column":94}},{"start":{"line":24,"column":99},"end":{"line":24,"column":117}}],"line":24},"6":{"loc":{"start":{"line":26,"column":58},"end":{"line":26,"column":171}},"type":"cond-expr","locations":[{"start":{"line":26,"column":101},"end":{"line":26,"column":159}},{"start":{"line":26,"column":162},"end":{"line":26,"column":171}}],"line":26},"7":{"loc":{"start":{"line":27,"column":53},"end":{"line":27,"column":124}},"type":"cond-expr","locations":[{"start":{"line":27,"column":96},"end":{"line":27,"column":112}},{"start":{"line":27,"column":115},"end":{"line":27,"column":124}}],"line":27},"8":{"loc":{"start":{"line":31,"column":14},"end":{"line":34,"column":108}},"type":"binary-expr","locations":[{"start":{"line":31,"column":14},"end":{"line":31,"column":32}},{"start":{"line":32,"column":16},"end":{"line":34,"column":108}}],"line":31}},"s":{"0":1,"1":0,"2":0,"3":0,"4":0,"5":0,"6":0,"7":0,"8":0,"9":0,"10":0},"f":{"0":0,"1":0},"b":{"0":[0,0],"1":[0,0],"2":[0,0],"3":[0,0],"4":[0,0],"5":[0,0],"6":[0,0],"7":[0,0],"8":[0,0]},"_coverageSchema":"1a1c01bbd47fc00a2c39e90264f33305004495a9","hash":"06fc0ac9a87b9385d59456313403d497094ad545"}
,"T:\\Coding\\FPLApp\\App\\Features\\LineupView\\LineupViewStyles.ts": {"path":"T:\\Coding\\FPLApp\\App\\Features\\LineupView\\LineupViewStyles.ts","statementMap":{"0":{"start":{"line":4,"column":22},"end":{"line":114,"column":2}}},"fnMap":{},"branchMap":{},"s":{"0":1},"f":{},"b":{},"_coverageSchema":"1a1c01bbd47fc00a2c39e90264f33305004495a9","hash":"e29fdbb8bc6a461a4357869137d1d2de4ad76915"}
,"T:\\Coding\\FPLApp\\App\\Features\\LineupView\\index.ts": {"path":"T:\\Coding\\FPLApp\\App\\Features\\LineupView\\index.ts","statementMap":{},"fnMap":{},"branchMap":{},"s":{},"f":{},"b":{},"_coverageSchema":"1a1c01bbd47fc00a2c39e90264f33305004495a9","hash":"1d4853739e830b0abb37403b83069d978fd7d680"}
,"T:\\Coding\\FPLApp\\App\\Features\\LineupView\\Lineup\\Lineup.tsx": {"path":"T:\\Coding\\FPLApp\\App\\Features\\LineupView\\Lineup\\Lineup.tsx","statementMap":{"0":{"start":{"line":29,"column":28},"end":{"line":29,"column":30}},"1":{"start":{"line":31,"column":4},"end":{"line":65,"column":5}},"2":{"start":{"line":32,"column":16},"end":{"line":32,"column":17}},"3":{"start":{"line":33,"column":26},"end":{"line":33,"column":27}},"4":{"start":{"line":34,"column":24},"end":{"line":34,"column":25}},"5":{"start":{"line":35,"column":45},"end":{"line":35,"column":46}},"6":{"start":{"line":36,"column":28},"end":{"line":36,"column":35}},"7":{"start":{"line":38,"column":8},"end":{"line":40,"column":9}},"8":{"start":{"line":39,"column":12},"end":{"line":39,"column":49}},"9":{"start":{"line":42,"column":8},"end":{"line":64,"column":9}},"10":{"start":{"line":44,"column":32},"end":{"line":44,"column":118}},"11":{"start":{"line":44,"column":63},"end":{"line":44,"column":110}},"12":{"start":{"line":46,"column":12},"end":{"line":52,"column":13}},"13":{"start":{"line":47,"column":16},"end":{"line":47,"column":87}},"14":{"start":{"line":48,"column":16},"end":{"line":48,"column":61}},"15":{"start":{"line":50,"column":16},"end":{"line":50,"column":58}},"16":{"start":{"line":51,"column":16},"end":{"line":51,"column":30}},"17":{"start":{"line":54,"column":12},"end":{"line":60,"column":13}},"18":{"start":{"line":56,"column":80},"end":{"line":58,"column":164}},"19":{"start":{"line":62,"column":12},"end":{"line":62,"column":31}},"20":{"start":{"line":63,"column":12},"end":{"line":63,"column":29}},"21":{"start":{"line":68,"column":4},"end":{"line":70,"column":5}},"22":{"start":{"line":69,"column":8},"end":{"line":69,"column":56}},"23":{"start":{"line":72,"column":4},"end":{"line":72,"column":27}},"24":{"start":{"line":77,"column":28},"end":{"line":77,"column":30}},"25":{"start":{"line":79,"column":4},"end":{"line":87,"column":5}},"26":{"start":{"line":80,"column":8},"end":{"line":86,"column":9}},"27":{"start":{"line":82,"column":56},"end":{"line":84,"column":140}},"28":{"start":{"line":89,"column":4},"end":{"line":89,"column":27}},"29":{"start":{"line":92,"column":24},"end":{"line":92,"column":69}},"30":{"start":{"line":106,"column":15},"end":{"line":167,"column":1}},"31":{"start":{"line":108,"column":20},"end":{"line":108,"column":143}},"32":{"start":{"line":109,"column":28},"end":{"line":109,"column":106}},"33":{"start":{"line":109,"column":64},"end":{"line":109,"column":97}},"34":{"start":{"line":111,"column":38},"end":{"line":111,"column":49}},"35":{"start":{"line":113,"column":4},"end":{"line":115,"column":46}},"36":{"start":{"line":114,"column":8},"end":{"line":114,"column":24}},"37":{"start":{"line":117,"column":4},"end":{"line":166,"column":5}}},"fnMap":{"0":{"name":"CreatePlayerStatsView","decl":{"start":{"line":27,"column":9},"end":{"line":27,"column":30}},"loc":{"start":{"line":27,"column":165},"end":{"line":73,"column":1}},"line":27},"1":{"name":"(anonymous_1)","decl":{"start":{"line":44,"column":53},"end":{"line":44,"column":54}},"loc":{"start":{"line":44,"column":63},"end":{"line":44,"column":110}},"line":44},"2":{"name":"(anonymous_2)","decl":{"start":{"line":56,"column":68},"end":{"line":56,"column":69}},"loc":{"start":{"line":56,"column":78},"end":{"line":58,"column":166}},"line":56},"3":{"name":"CreateBenchView","decl":{"start":{"line":75,"column":9},"end":{"line":75,"column":24}},"loc":{"start":{"line":75,"column":173},"end":{"line":90,"column":1}},"line":75},"4":{"name":"(anonymous_4)","decl":{"start":{"line":82,"column":44},"end":{"line":82,"column":45}},"loc":{"start":{"line":82,"column":54},"end":{"line":84,"column":142}},"line":82},"5":{"name":"(anonymous_5)","decl":{"start":{"line":106,"column":15},"end":{"line":106,"column":16}},"loc":{"start":{"line":106,"column":162},"end":{"line":167,"column":1}},"line":106},"6":{"name":"(anonymous_6)","decl":{"start":{"line":109,"column":51},"end":{"line":109,"column":52}},"loc":{"start":{"line":109,"column":62},"end":{"line":109,"column":99}},"line":109},"7":{"name":"gameweekChanged","decl":{"start":{"line":113,"column":23},"end":{"line":113,"column":38}},"loc":{"start":{"line":113,"column":41},"end":{"line":115,"column":5}},"line":113}},"branchMap":{"0":{"loc":{"start":{"line":31,"column":4},"end":{"line":65,"column":5}},"type":"if","locations":[{"start":{"line":31,"column":4},"end":{"line":65,"column":5}},{"start":{},"end":{}}],"line":31},"1":{"loc":{"start":{"line":38,"column":8},"end":{"line":40,"column":9}},"type":"if","locations":[{"start":{"line":38,"column":8},"end":{"line":40,"column":9}},{"start":{},"end":{}}],"line":38},"2":{"loc":{"start":{"line":38,"column":12},"end":{"line":38,"column":91}},"type":"binary-expr","locations":[{"start":{"line":38,"column":12},"end":{"line":38,"column":50}},{"start":{"line":38,"column":54},"end":{"line":38,"column":91}}],"line":38},"3":{"loc":{"start":{"line":46,"column":12},"end":{"line":52,"column":13}},"type":"if","locations":[{"start":{"line":46,"column":12},"end":{"line":52,"column":13}},{"start":{"line":49,"column":19},"end":{"line":52,"column":13}}],"line":46},"4":{"loc":{"start":{"line":68,"column":4},"end":{"line":70,"column":5}},"type":"if","locations":[{"start":{"line":68,"column":4},"end":{"line":70,"column":5}},{"start":{},"end":{}}],"line":68},"5":{"loc":{"start":{"line":79,"column":4},"end":{"line":87,"column":5}},"type":"if","locations":[{"start":{"line":79,"column":4},"end":{"line":87,"column":5}},{"start":{},"end":{}}],"line":79},"6":{"loc":{"start":{"line":119,"column":9},"end":{"line":163,"column":15}},"type":"binary-expr","locations":[{"start":{"line":119,"column":10},"end":{"line":119,"column":47}},{"start":{"line":119,"column":51},"end":{"line":119,"column":58}},{"start":{"line":119,"column":62},"end":{"line":119,"column":98}},{"start":{"line":120,"column":8},"end":{"line":163,"column":15}}],"line":119},"7":{"loc":{"start":{"line":124,"column":21},"end":{"line":145,"column":27}},"type":"cond-expr","locations":[{"start":{"line":125,"column":24},"end":{"line":127,"column":31}},{"start":{"line":129,"column":20},"end":{"line":145,"column":27}}],"line":124},"8":{"loc":{"start":{"line":124,"column":22},"end":{"line":124,"column":102}},"type":"binary-expr","locations":[{"start":{"line":124,"column":22},"end":{"line":124,"column":61}},{"start":{"line":124,"column":65},"end":{"line":124,"column":102}}],"line":124},"9":{"loc":{"start":{"line":129,"column":20},"end":{"line":145,"column":27}},"type":"binary-expr","locations":[{"start":{"line":129,"column":22},"end":{"line":129,"column":60}},{"start":{"line":129,"column":64},"end":{"line":129,"column":83}},{"start":{"line":129,"column":89},"end":{"line":129,"column":126}},{"start":{"line":129,"column":130},"end":{"line":129,"column":148}},{"start":{"line":129,"column":152},"end":{"line":129,"column":165}},{"start":{"line":130,"column":24},"end":{"line":145,"column":27}}],"line":129},"10":{"loc":{"start":{"line":135,"column":29},"end":{"line":136,"column":199}},"type":"binary-expr","locations":[{"start":{"line":135,"column":30},"end":{"line":135,"column":68}},{"start":{"line":136,"column":32},"end":{"line":136,"column":199}}],"line":135},"11":{"loc":{"start":{"line":138,"column":29},"end":{"line":139,"column":155}},"type":"binary-expr","locations":[{"start":{"line":138,"column":30},"end":{"line":138,"column":67}},{"start":{"line":139,"column":32},"end":{"line":139,"column":155}}],"line":138},"12":{"loc":{"start":{"line":142,"column":29},"end":{"line":143,"column":137}},"type":"binary-expr","locations":[{"start":{"line":142,"column":30},"end":{"line":142,"column":67}},{"start":{"line":143,"column":32},"end":{"line":143,"column":137}}],"line":142},"13":{"loc":{"start":{"line":151,"column":18},"end":{"line":159,"column":23}},"type":"cond-expr","locations":[{"start":{"line":152,"column":20},"end":{"line":152,"column":105}},{"start":{"line":153,"column":18},"end":{"line":159,"column":23}}],"line":151},"14":{"loc":{"start":{"line":153,"column":18},"end":{"line":159,"column":23}},"type":"cond-expr","locations":[{"start":{"line":154,"column":20},"end":{"line":154,"column":69}},{"start":{"line":156,"column":16},"end":{"line":159,"column":23}}],"line":153},"15":{"loc":{"start":{"line":156,"column":16},"end":{"line":159,"column":23}},"type":"binary-expr","locations":[{"start":{"line":156,"column":18},"end":{"line":156,"column":56}},{"start":{"line":156,"column":60},"end":{"line":156,"column":79}},{"start":{"line":156,"column":85},"end":{"line":156,"column":122}},{"start":{"line":156,"column":126},"end":{"line":156,"column":144}},{"start":{"line":156,"column":148},"end":{"line":156,"column":161}},{"start":{"line":157,"column":20},"end":{"line":159,"column":23}}],"line":156}},"s":{"0":8,"1":8,"2":8,"3":8,"4":8,"5":8,"6":8,"7":8,"8":4,"9":8,"10":32,"11":376,"12":32,"13":0,"14":0,"15":32,"16":32,"17":32,"18":94,"19":32,"20":32,"21":8,"22":0,"23":8,"24":4,"25":4,"26":4,"27":16,"28":4,"29":2,"30":2,"31":8,"32":8,"33":304,"34":8,"35":8,"36":8,"37":8},"f":{"0":8,"1":376,"2":94,"3":4,"4":16,"5":8,"6":304,"7":8},"b":{"0":[8,0],"1":[4,4],"2":[8,7],"3":[0,32],"4":[0,8],"5":[4,0],"6":[8,8,8,8],"7":[4,4],"8":[8,6],"9":[4,1,3,3,3,4],"10":[4,1],"11":[4,3],"12":[4,1],"13":[2,6],"14":[2,4],"15":[4,1,3,3,3,4]},"_coverageSchema":"1a1c01bbd47fc00a2c39e90264f33305004495a9","hash":"268462b0d00b7b96fb7a2e30c49c0bf2a354fde1"}
,"T:\\Coding\\FPLApp\\App\\Features\\LineupView\\Lineup\\LineupStyles.ts": {"path":"T:\\Coding\\FPLApp\\App\\Features\\LineupView\\Lineup\\LineupStyles.ts","statementMap":{"0":{"start":{"line":4,"column":22},"end":{"line":47,"column":1}}},"fnMap":{},"branchMap":{},"s":{"0":2},"f":{},"b":{},"_coverageSchema":"1a1c01bbd47fc00a2c39e90264f33305004495a9","hash":"9c61e71ac3c370728cd6e355bf775e9d05a05f8d"}
,"T:\\Coding\\FPLApp\\App\\Features\\LineupView\\Lineup\\index.ts": {"path":"T:\\Coding\\FPLApp\\App\\Features\\LineupView\\Lineup\\index.ts","statementMap":{},"fnMap":{},"branchMap":{},"s":{},"f":{},"b":{},"_coverageSchema":"1a1c01bbd47fc00a2c39e90264f33305004495a9","hash":"5c0c98db496cc63c7d02ca868f385bfb0ca4aa6a"}
,"T:\\Coding\\FPLApp\\App\\Features\\LineupView\\Lineup\\AdditionalInfoCard\\AdditionalInfoCardStyles.ts": {"path":"T:\\Coding\\FPLApp\\App\\Features\\LineupView\\Lineup\\AdditionalInfoCard\\AdditionalInfoCardStyles.ts","statementMap":{"0":{"start":{"line":4,"column":22},"end":{"line":46,"column":2}}},"fnMap":{},"branchMap":{},"s":{"0":3},"f":{},"b":{},"_coverageSchema":"1a1c01bbd47fc00a2c39e90264f33305004495a9","hash":"5e5dbf05ee80cabd8e2c227459ef50e0d250888e"}
,"T:\\Coding\\FPLApp\\App\\Features\\LineupView\\Lineup\\AdditionalInfoCard\\AdditonalInfoCard.tsx": {"path":"T:\\Coding\\FPLApp\\App\\Features\\LineupView\\Lineup\\AdditionalInfoCard\\AdditonalInfoCard.tsx","statementMap":{"0":{"start":{"line":13,"column":27},"end":{"line":31,"column":1}},"1":{"start":{"line":15,"column":4},"end":{"line":29,"column":5}},"2":{"start":{"line":17,"column":35},"end":{"line":17,"column":109}}},"fnMap":{"0":{"name":"(anonymous_0)","decl":{"start":{"line":13,"column":27},"end":{"line":13,"column":28}},"loc":{"start":{"line":13,"column":101},"end":{"line":31,"column":1}},"line":13},"1":{"name":"(anonymous_1)","decl":{"start":{"line":17,"column":29},"end":{"line":17,"column":30}},"loc":{"start":{"line":17,"column":35},"end":{"line":17,"column":109}},"line":17}},"branchMap":{"0":{"loc":{"start":{"line":17,"column":48},"end":{"line":17,"column":108}},"type":"cond-expr","locations":[{"start":{"line":17,"column":91},"end":{"line":17,"column":104}},{"start":{"line":17,"column":107},"end":{"line":17,"column":108}}],"line":17},"1":{"loc":{"start":{"line":23,"column":99},"end":{"line":23,"column":146}},"type":"cond-expr","locations":[{"start":{"line":23,"column":117},"end":{"line":23,"column":133}},{"start":{"line":23,"column":136},"end":{"line":23,"column":146}}],"line":23},"2":{"loc":{"start":{"line":24,"column":99},"end":{"line":24,"column":146}},"type":"cond-expr","locations":[{"start":{"line":24,"column":117},"end":{"line":24,"column":133}},{"start":{"line":24,"column":136},"end":{"line":24,"column":146}}],"line":24},"3":{"loc":{"start":{"line":25,"column":99},"end":{"line":25,"column":146}},"type":"cond-expr","locations":[{"start":{"line":25,"column":117},"end":{"line":25,"column":133}},{"start":{"line":25,"column":136},"end":{"line":25,"column":146}}],"line":25},"4":{"loc":{"start":{"line":26,"column":99},"end":{"line":26,"column":146}},"type":"cond-expr","locations":[{"start":{"line":26,"column":117},"end":{"line":26,"column":133}},{"start":{"line":26,"column":136},"end":{"line":26,"column":146}}],"line":26}},"s":{"0":3,"1":6,"2":4},"f":{"0":6,"1":4},"b":{"0":[3,1],"1":[3,3],"2":[1,5],"3":[1,5],"4":[1,5]},"_coverageSchema":"1a1c01bbd47fc00a2c39e90264f33305004495a9","hash":"798a7119181f466bc89ce58fa46e097b9b6cc183"}
,"T:\\Coding\\FPLApp\\App\\Features\\LineupView\\Lineup\\AdditionalInfoCard\\index.ts": {"path":"T:\\Coding\\FPLApp\\App\\Features\\LineupView\\Lineup\\AdditionalInfoCard\\index.ts","statementMap":{},"fnMap":{},"branchMap":{},"s":{},"f":{},"b":{},"_coverageSchema":"1a1c01bbd47fc00a2c39e90264f33305004495a9","hash":"13da39e59a9acc8c2858b2322854153e0d48707d"}
,"T:\\Coding\\FPLApp\\App\\Features\\LineupView\\Lineup\\BonusPointView\\BonusPointView.tsx": {"path":"T:\\Coding\\FPLApp\\App\\Features\\LineupView\\Lineup\\BonusPointView\\BonusPointView.tsx","statementMap":{"0":{"start":{"line":14,"column":23},"end":{"line":46,"column":1}},"1":{"start":{"line":16,"column":22},"end":{"line":16,"column":134}},"2":{"start":{"line":16,"column":51},"end":{"line":16,"column":86}},"3":{"start":{"line":16,"column":108},"end":{"line":16,"column":133}},"4":{"start":{"line":18,"column":4},"end":{"line":45,"column":5}},"5":{"start":{"line":29,"column":61},"end":{"line":29,"column":78}},"6":{"start":{"line":30,"column":28},"end":{"line":30,"column":190}},"7":{"start":{"line":30,"column":125},"end":{"line":30,"column":154}},"8":{"start":{"line":37,"column":61},"end":{"line":37,"column":78}},"9":{"start":{"line":38,"column":28},"end":{"line":38,"column":190}},"10":{"start":{"line":38,"column":125},"end":{"line":38,"column":154}}},"fnMap":{"0":{"name":"(anonymous_0)","decl":{"start":{"line":14,"column":23},"end":{"line":14,"column":24}},"loc":{"start":{"line":14,"column":89},"end":{"line":46,"column":1}},"line":14},"1":{"name":"(anonymous_1)","decl":{"start":{"line":16,"column":40},"end":{"line":16,"column":41}},"loc":{"start":{"line":16,"column":51},"end":{"line":16,"column":86}},"line":16},"2":{"name":"(anonymous_2)","decl":{"start":{"line":16,"column":100},"end":{"line":16,"column":101}},"loc":{"start":{"line":16,"column":108},"end":{"line":16,"column":133}},"line":16},"3":{"name":"(anonymous_3)","decl":{"start":{"line":29,"column":51},"end":{"line":29,"column":52}},"loc":{"start":{"line":29,"column":61},"end":{"line":29,"column":78}},"line":29},"4":{"name":"(anonymous_4)","decl":{"start":{"line":29,"column":96},"end":{"line":29,"column":97}},"loc":{"start":{"line":30,"column":28},"end":{"line":30,"column":190}},"line":30},"5":{"name":"(anonymous_5)","decl":{"start":{"line":30,"column":114},"end":{"line":30,"column":115}},"loc":{"start":{"line":30,"column":125},"end":{"line":30,"column":154}},"line":30},"6":{"name":"(anonymous_6)","decl":{"start":{"line":37,"column":51},"end":{"line":37,"column":52}},"loc":{"start":{"line":37,"column":61},"end":{"line":37,"column":78}},"line":37},"7":{"name":"(anonymous_7)","decl":{"start":{"line":37,"column":96},"end":{"line":37,"column":97}},"loc":{"start":{"line":38,"column":28},"end":{"line":38,"column":190}},"line":38},"8":{"name":"(anonymous_8)","decl":{"start":{"line":38,"column":114},"end":{"line":38,"column":115}},"loc":{"start":{"line":38,"column":125},"end":{"line":38,"column":154}},"line":38}},"branchMap":{"0":{"loc":{"start":{"line":25,"column":14},"end":{"line":42,"column":23}},"type":"binary-expr","locations":[{"start":{"line":25,"column":14},"end":{"line":25,"column":25}},{"start":{"line":26,"column":16},"end":{"line":42,"column":23}}],"line":25}},"s":{"0":3,"1":3,"2":642,"3":20,"4":3,"5":26,"6":10,"7":3239,"8":26,"9":10,"10":4184},"f":{"0":3,"1":642,"2":20,"3":26,"4":10,"5":3239,"6":26,"7":10,"8":4184},"b":{"0":[3,2]},"_coverageSchema":"1a1c01bbd47fc00a2c39e90264f33305004495a9","hash":"33948ddffc35db7ee72b33652fd974ae8dae6fd6"}
,"T:\\Coding\\FPLApp\\App\\Features\\LineupView\\Lineup\\BonusPointView\\BonusPointViewStyles.ts": {"path":"T:\\Coding\\FPLApp\\App\\Features\\LineupView\\Lineup\\BonusPointView\\BonusPointViewStyles.ts","statementMap":{"0":{"start":{"line":4,"column":22},"end":{"line":38,"column":2}}},"fnMap":{},"branchMap":{},"s":{"0":3},"f":{},"b":{},"_coverageSchema":"1a1c01bbd47fc00a2c39e90264f33305004495a9","hash":"c3ec84e5fec57ce41e5d2605caea6bce5fdd37f8"}
,"T:\\Coding\\FPLApp\\App\\Features\\LineupView\\Lineup\\BonusPointView\\index.ts": {"path":"T:\\Coding\\FPLApp\\App\\Features\\LineupView\\Lineup\\BonusPointView\\index.ts","statementMap":{},"fnMap":{},"branchMap":{},"s":{},"f":{},"b":{},"_coverageSchema":"1a1c01bbd47fc00a2c39e90264f33305004495a9","hash":"19929c0b5d8d008de845bcbf1caf59f9cd17afca"}
,"T:\\Coding\\FPLApp\\App\\Features\\LineupView\\Lineup\\KingsOfTheGameweekView\\KingsOfTheGameweekView.tsx": {"path":"T:\\Coding\\FPLApp\\App\\Features\\LineupView\\Lineup\\KingsOfTheGameweekView\\KingsOfTheGameweekView.tsx","statementMap":{"0":{"start":{"line":11,"column":31},"end":{"line":38,"column":1}},"1":{"start":{"line":13,"column":16},"end":{"line":13,"column":94}},"2":{"start":{"line":13,"column":52},"end":{"line":13,"column":83}},"3":{"start":{"line":15,"column":4},"end":{"line":36,"column":5}},"4":{"start":{"line":21,"column":24},"end":{"line":30,"column":31}},"5":{"start":{"line":24,"column":115},"end":{"line":24,"column":155}},"6":{"start":{"line":29,"column":98},"end":{"line":29,"column":138}}},"fnMap":{"0":{"name":"(anonymous_0)","decl":{"start":{"line":11,"column":31},"end":{"line":11,"column":32}},"loc":{"start":{"line":11,"column":81},"end":{"line":38,"column":1}},"line":11},"1":{"name":"(anonymous_1)","decl":{"start":{"line":13,"column":43},"end":{"line":13,"column":44}},"loc":{"start":{"line":13,"column":52},"end":{"line":13,"column":83}},"line":13},"2":{"name":"(anonymous_2)","decl":{"start":{"line":19,"column":30},"end":{"line":19,"column":31}},"loc":{"start":{"line":21,"column":24},"end":{"line":30,"column":31}},"line":21},"3":{"name":"(anonymous_3)","decl":{"start":{"line":24,"column":104},"end":{"line":24,"column":105}},"loc":{"start":{"line":24,"column":115},"end":{"line":24,"column":155}},"line":24},"4":{"name":"(anonymous_4)","decl":{"start":{"line":29,"column":87},"end":{"line":29,"column":88}},"loc":{"start":{"line":29,"column":98},"end":{"line":29,"column":138}},"line":29}},"branchMap":{},"s":{"0":3,"1":3,"2":114,"3":3,"4":99,"5":33936,"6":33936},"f":{"0":3,"1":114,"2":99,"3":33936,"4":33936},"b":{},"_coverageSchema":"1a1c01bbd47fc00a2c39e90264f33305004495a9","hash":"efc14168f474af75b26b9cc9a7b6b7086a0ac462"}
,"T:\\Coding\\FPLApp\\App\\Features\\LineupView\\Lineup\\KingsOfTheGameweekView\\KingsOfTheGameweekViewStyles.ts": {"path":"T:\\Coding\\FPLApp\\App\\Features\\LineupView\\Lineup\\KingsOfTheGameweekView\\KingsOfTheGameweekViewStyles.ts","statementMap":{"0":{"start":{"line":4,"column":22},"end":{"line":59,"column":2}}},"fnMap":{},"branchMap":{},"s":{"0":3},"f":{},"b":{},"_coverageSchema":"1a1c01bbd47fc00a2c39e90264f33305004495a9","hash":"23abcfece288f69ca2dc9d8436c01f3006b71be9"}
,"T:\\Coding\\FPLApp\\App\\Features\\LineupView\\Lineup\\KingsOfTheGameweekView\\index.ts": {"path":"T:\\Coding\\FPLApp\\App\\Features\\LineupView\\Lineup\\KingsOfTheGameweekView\\index.ts","statementMap":{},"fnMap":{},"branchMap":{},"s":{},"f":{},"b":{},"_coverageSchema":"1a1c01bbd47fc00a2c39e90264f33305004495a9","hash":"3c3ebf6dd9296243835a8e313032620abb0ef8f8"}
,"T:\\Coding\\FPLApp\\App\\Features\\LineupView\\Lineup\\ManagerInfoCard\\ManagerInfoCard.tsx": {"path":"T:\\Coding\\FPLApp\\App\\Features\\LineupView\\Lineup\\ManagerInfoCard\\ManagerInfoCard.tsx","statementMap":{"0":{"start":{"line":29,"column":24},"end":{"line":163,"column":1}},"1":{"start":{"line":31,"column":28},"end":{"line":34,"column":61}},"2":{"start":{"line":36,"column":4},"end":{"line":43,"column":18}},"3":{"start":{"line":38,"column":8},"end":{"line":41,"column":27}},"4":{"start":{"line":45,"column":31},"end":{"line":103,"column":51}},"5":{"start":{"line":47,"column":8},"end":{"line":102,"column":9}},"6":{"start":{"line":48,"column":12},"end":{"line":53,"column":14}},"7":{"start":{"line":55,"column":13},"end":{"line":102,"column":9}},"8":{"start":{"line":56,"column":12},"end":{"line":61,"column":14}},"9":{"start":{"line":63,"column":13},"end":{"line":102,"column":9}},"10":{"start":{"line":64,"column":12},"end":{"line":69,"column":14}},"11":{"start":{"line":71,"column":13},"end":{"line":102,"column":9}},"12":{"start":{"line":72,"column":12},"end":{"line":77,"column":14}},"13":{"start":{"line":79,"column":13},"end":{"line":102,"column":9}},"14":{"start":{"line":80,"column":12},"end":{"line":85,"column":14}},"15":{"start":{"line":87,"column":13},"end":{"line":102,"column":9}},"16":{"start":{"line":88,"column":12},"end":{"line":93,"column":14}},"17":{"start":{"line":96,"column":12},"end":{"line":101,"column":14}},"18":{"start":{"line":105,"column":30},"end":{"line":126,"column":51}},"19":{"start":{"line":106,"column":8},"end":{"line":125,"column":9}},"20":{"start":{"line":107,"column":12},"end":{"line":110,"column":64}},"21":{"start":{"line":112,"column":13},"end":{"line":125,"column":9}},"22":{"start":{"line":113,"column":12},"end":{"line":118,"column":14}},"23":{"start":{"line":121,"column":12},"end":{"line":124,"column":64}},"24":{"start":{"line":128,"column":4},"end":{"line":162,"column":5}},"25":{"start":{"line":144,"column":28},"end":{"line":146,"column":29}},"26":{"start":{"line":151,"column":36},"end":{"line":153,"column":37}}},"fnMap":{"0":{"name":"(anonymous_0)","decl":{"start":{"line":29,"column":24},"end":{"line":29,"column":25}},"loc":{"start":{"line":29,"column":146},"end":{"line":163,"column":1}},"line":29},"1":{"name":"setGameweekPointsWhenGameweekChanged","decl":{"start":{"line":36,"column":23},"end":{"line":36,"column":59}},"loc":{"start":{"line":36,"column":62},"end":{"line":43,"column":5}},"line":36},"2":{"name":"(anonymous_2)","decl":{"start":{"line":45,"column":43},"end":{"line":45,"column":44}},"loc":{"start":{"line":45,"column":49},"end":{"line":103,"column":5}},"line":45},"3":{"name":"(anonymous_3)","decl":{"start":{"line":105,"column":42},"end":{"line":105,"column":43}},"loc":{"start":{"line":105,"column":48},"end":{"line":126,"column":5}},"line":105},"4":{"name":"(anonymous_4)","decl":{"start":{"line":143,"column":42},"end":{"line":143,"column":43}},"loc":{"start":{"line":143,"column":51},"end":{"line":147,"column":25}},"line":143},"5":{"name":"(anonymous_5)","decl":{"start":{"line":150,"column":44},"end":{"line":150,"column":45}},"loc":{"start":{"line":150,"column":53},"end":{"line":154,"column":33}},"line":150}},"branchMap":{"0":{"loc":{"start":{"line":32,"column":45},"end":{"line":32,"column":186}},"type":"cond-expr","locations":[{"start":{"line":32,"column":88},"end":{"line":32,"column":146}},{"start":{"line":32,"column":149},"end":{"line":32,"column":186}}],"line":32},"1":{"loc":{"start":{"line":39,"column":23},"end":{"line":39,"column":164}},"type":"cond-expr","locations":[{"start":{"line":39,"column":66},"end":{"line":39,"column":124}},{"start":{"line":39,"column":127},"end":{"line":39,"column":164}}],"line":39},"2":{"loc":{"start":{"line":47,"column":8},"end":{"line":102,"column":9}},"type":"if","locations":[{"start":{"line":47,"column":8},"end":{"line":102,"column":9}},{"start":{"line":55,"column":13},"end":{"line":102,"column":9}}],"line":47},"3":{"loc":{"start":{"line":55,"column":13},"end":{"line":102,"column":9}},"type":"if","locations":[{"start":{"line":55,"column":13},"end":{"line":102,"column":9}},{"start":{"line":63,"column":13},"end":{"line":102,"column":9}}],"line":55},"4":{"loc":{"start":{"line":63,"column":13},"end":{"line":102,"column":9}},"type":"if","locations":[{"start":{"line":63,"column":13},"end":{"line":102,"column":9}},{"start":{"line":71,"column":13},"end":{"line":102,"column":9}}],"line":63},"5":{"loc":{"start":{"line":71,"column":13},"end":{"line":102,"column":9}},"type":"if","locations":[{"start":{"line":71,"column":13},"end":{"line":102,"column":9}},{"start":{"line":79,"column":13},"end":{"line":102,"column":9}}],"line":71},"6":{"loc":{"start":{"line":79,"column":13},"end":{"line":102,"column":9}},"type":"if","locations":[{"start":{"line":79,"column":13},"end":{"line":102,"column":9}},{"start":{"line":87,"column":13},"end":{"line":102,"column":9}}],"line":79},"7":{"loc":{"start":{"line":87,"column":13},"end":{"line":102,"column":9}},"type":"if","locations":[{"start":{"line":87,"column":13},"end":{"line":102,"column":9}},{"start":{"line":95,"column":13},"end":{"line":102,"column":9}}],"line":87},"8":{"loc":{"start":{"line":106,"column":8},"end":{"line":125,"column":9}},"type":"if","locations":[{"start":{"line":106,"column":8},"end":{"line":125,"column":9}},{"start":{"line":112,"column":13},"end":{"line":125,"column":9}}],"line":106},"9":{"loc":{"start":{"line":108,"column":28},"end":{"line":108,"column":147}},"type":"cond-expr","locations":[{"start":{"line":108,"column":57},"end":{"line":108,"column":99}},{"start":{"line":108,"column":102},"end":{"line":108,"column":147}}],"line":108},"10":{"loc":{"start":{"line":109,"column":27},"end":{"line":109,"column":82}},"type":"cond-expr","locations":[{"start":{"line":109,"column":56},"end":{"line":109,"column":70}},{"start":{"line":109,"column":73},"end":{"line":109,"column":82}}],"line":109},"11":{"loc":{"start":{"line":110,"column":28},"end":{"line":110,"column":62}},"type":"cond-expr","locations":[{"start":{"line":110,"column":57},"end":{"line":110,"column":58}},{"start":{"line":110,"column":61},"end":{"line":110,"column":62}}],"line":110},"12":{"loc":{"start":{"line":112,"column":13},"end":{"line":125,"column":9}},"type":"if","locations":[{"start":{"line":112,"column":13},"end":{"line":125,"column":9}},{"start":{"line":120,"column":13},"end":{"line":125,"column":9}}],"line":112},"13":{"loc":{"start":{"line":121,"column":28},"end":{"line":121,"column":79}},"type":"cond-expr","locations":[{"start":{"line":121,"column":57},"end":{"line":121,"column":67}},{"start":{"line":121,"column":70},"end":{"line":121,"column":79}}],"line":121},"14":{"loc":{"start":{"line":122,"column":28},"end":{"line":122,"column":135}},"type":"cond-expr","locations":[{"start":{"line":122,"column":57},"end":{"line":122,"column":94}},{"start":{"line":122,"column":97},"end":{"line":122,"column":135}}],"line":122},"15":{"loc":{"start":{"line":124,"column":28},"end":{"line":124,"column":62}},"type":"cond-expr","locations":[{"start":{"line":124,"column":57},"end":{"line":124,"column":58}},{"start":{"line":124,"column":61},"end":{"line":124,"column":62}}],"line":124},"16":{"loc":{"start":{"line":129,"column":157},"end":{"line":129,"column":238}},"type":"cond-expr","locations":[{"start":{"line":129,"column":200},"end":{"line":129,"column":218}},{"start":{"line":129,"column":221},"end":{"line":129,"column":238}}],"line":129},"17":{"loc":{"start":{"line":130,"column":13},"end":{"line":159,"column":15}},"type":"binary-expr","locations":[{"start":{"line":130,"column":17},"end":{"line":130,"column":55}},{"start":{"line":130,"column":60},"end":{"line":130,"column":77}},{"start":{"line":130,"column":84},"end":{"line":130,"column":121}},{"start":{"line":130,"column":126},"end":{"line":130,"column":142}},{"start":{"line":130,"column":148},"end":{"line":130,"column":155}},{"start":{"line":131,"column":12},"end":{"line":159,"column":15}}],"line":130},"18":{"loc":{"start":{"line":136,"column":79},"end":{"line":136,"column":135}},"type":"cond-expr","locations":[{"start":{"line":136,"column":102},"end":{"line":136,"column":117}},{"start":{"line":136,"column":120},"end":{"line":136,"column":135}}],"line":136},"19":{"loc":{"start":{"line":141,"column":17},"end":{"line":157,"column":27}},"type":"binary-expr","locations":[{"start":{"line":141,"column":18},"end":{"line":141,"column":55}},{"start":{"line":142,"column":20},"end":{"line":157,"column":27}}],"line":141},"20":{"loc":{"start":{"line":145,"column":120},"end":{"line":145,"column":172}},"type":"cond-expr","locations":[{"start":{"line":145,"column":143},"end":{"line":145,"column":159}},{"start":{"line":145,"column":162},"end":{"line":145,"column":172}}],"line":145},"21":{"loc":{"start":{"line":148,"column":25},"end":{"line":155,"column":31}},"type":"binary-expr","locations":[{"start":{"line":148,"column":26},"end":{"line":148,"column":64}},{"start":{"line":149,"column":28},"end":{"line":155,"column":31}}],"line":148},"22":{"loc":{"start":{"line":152,"column":128},"end":{"line":152,"column":180}},"type":"cond-expr","locations":[{"start":{"line":152,"column":151},"end":{"line":152,"column":167}},{"start":{"line":152,"column":170},"end":{"line":152,"column":180}}],"line":152}},"s":{"0":3,"1":26,"2":26,"3":7,"4":26,"5":7,"6":1,"7":6,"8":1,"9":5,"10":1,"11":4,"12":1,"13":3,"14":1,"15":2,"16":1,"17":1,"18":26,"19":5,"20":2,"21":3,"22":1,"23":2,"24":26,"25":90,"26":18},"f":{"0":26,"1":7,"2":7,"3":5,"4":90,"5":18},"b":{"0":[11,15],"1":[2,5],"2":[1,6],"3":[1,5],"4":[1,4],"5":[1,3],"6":[1,2],"7":[1,1],"8":[2,3],"9":[1,1],"10":[1,1],"11":[1,1],"12":[1,2],"13":[1,1],"14":[1,1],"15":[1,1],"16":[11,15],"17":[26,11,15,15,26,26],"18":[0,26],"19":[26,18],"20":[16,74],"21":[18,9],"22":[2,16]},"_coverageSchema":"1a1c01bbd47fc00a2c39e90264f33305004495a9","hash":"cdabcff37dd5ffc9800dc38d53837fdaa9ef82df"}
,"T:\\Coding\\FPLApp\\App\\Features\\LineupView\\Lineup\\ManagerInfoCard\\ManagerInfoCardStyles.ts": {"path":"T:\\Coding\\FPLApp\\App\\Features\\LineupView\\Lineup\\ManagerInfoCard\\ManagerInfoCardStyles.ts","statementMap":{"0":{"start":{"line":4,"column":22},"end":{"line":44,"column":2}}},"fnMap":{},"branchMap":{},"s":{"0":3},"f":{},"b":{},"_coverageSchema":"1a1c01bbd47fc00a2c39e90264f33305004495a9","hash":"d3190475ada45977c052d16f2127dc4e49a17a4a"}
,"T:\\Coding\\FPLApp\\App\\Features\\LineupView\\Lineup\\ManagerInfoCard\\index.ts": {"path":"T:\\Coding\\FPLApp\\App\\Features\\LineupView\\Lineup\\ManagerInfoCard\\index.ts","statementMap":{},"fnMap":{},"branchMap":{},"s":{},"f":{},"b":{},"_coverageSchema":"1a1c01bbd47fc00a2c39e90264f33305004495a9","hash":"4dfbe4f5255f1c4ec5849695f9247a4a6e9a0cb4"}
,"T:\\Coding\\FPLApp\\App\\Features\\LineupView\\TeamSwitch\\TeamSwitch.tsx": {"path":"T:\\Coding\\FPLApp\\App\\Features\\LineupView\\TeamSwitch\\TeamSwitch.tsx","statementMap":{"0":{"start":{"line":22,"column":20},"end":{"line":24,"column":1}},"1":{"start":{"line":23,"column":4},"end":{"line":23,"column":47}},"2":{"start":{"line":32,"column":21},"end":{"line":47,"column":1}},"3":{"start":{"line":34,"column":18},"end":{"line":34,"column":79}},"4":{"start":{"line":34,"column":43},"end":{"line":34,"column":78}},"5":{"start":{"line":36,"column":4},"end":{"line":45,"column":18}},"6":{"start":{"line":37,"column":8},"end":{"line":42,"column":9}},"7":{"start":{"line":38,"column":24},"end":{"line":38,"column":65}},"8":{"start":{"line":39,"column":12},"end":{"line":39,"column":48}},"9":{"start":{"line":41,"column":12},"end":{"line":41,"column":72}},"10":{"start":{"line":45,"column":9},"end":{"line":45,"column":18}},"11":{"start":{"line":49,"column":19},"end":{"line":96,"column":1}},"12":{"start":{"line":51,"column":31},"end":{"line":51,"column":68}},"13":{"start":{"line":51,"column":57},"end":{"line":51,"column":67}},"14":{"start":{"line":52,"column":21},"end":{"line":52,"column":37}},"15":{"start":{"line":54,"column":26},"end":{"line":54,"column":63}},"16":{"start":{"line":56,"column":23},"end":{"line":67,"column":5}},"17":{"start":{"line":57,"column":8},"end":{"line":66,"column":9}},"18":{"start":{"line":59,"column":12},"end":{"line":63,"column":23}},"19":{"start":{"line":65,"column":12},"end":{"line":65,"column":40}},"20":{"start":{"line":69,"column":4},"end":{"line":95,"column":5}},"21":{"start":{"line":70,"column":60},"end":{"line":70,"column":79}}},"fnMap":{"0":{"name":"(anonymous_0)","decl":{"start":{"line":22,"column":20},"end":{"line":22,"column":21}},"loc":{"start":{"line":22,"column":50},"end":{"line":24,"column":1}},"line":22},"1":{"name":"(anonymous_1)","decl":{"start":{"line":32,"column":21},"end":{"line":32,"column":22}},"loc":{"start":{"line":32,"column":112},"end":{"line":47,"column":1}},"line":32},"2":{"name":"(anonymous_2)","decl":{"start":{"line":34,"column":32},"end":{"line":34,"column":33}},"loc":{"start":{"line":34,"column":43},"end":{"line":34,"column":78}},"line":34},"3":{"name":"(anonymous_3)","decl":{"start":{"line":49,"column":19},"end":{"line":49,"column":20}},"loc":{"start":{"line":49,"column":72},"end":{"line":96,"column":1}},"line":49},"4":{"name":"(anonymous_4)","decl":{"start":{"line":51,"column":46},"end":{"line":51,"column":47}},"loc":{"start":{"line":51,"column":57},"end":{"line":51,"column":67}},"line":51},"5":{"name":"(anonymous_5)","decl":{"start":{"line":56,"column":23},"end":{"line":56,"column":24}},"loc":{"start":{"line":56,"column":29},"end":{"line":67,"column":5}},"line":56},"6":{"name":"(anonymous_6)","decl":{"start":{"line":70,"column":49},"end":{"line":70,"column":50}},"loc":{"start":{"line":70,"column":60},"end":{"line":70,"column":79}},"line":70}},"branchMap":{"0":{"loc":{"start":{"line":36,"column":4},"end":{"line":45,"column":18}},"type":"if","locations":[{"start":{"line":36,"column":4},"end":{"line":45,"column":18}},{"start":{"line":45,"column":9},"end":{"line":45,"column":18}}],"line":36},"1":{"loc":{"start":{"line":37,"column":8},"end":{"line":42,"column":9}},"type":"if","locations":[{"start":{"line":37,"column":8},"end":{"line":42,"column":9}},{"start":{"line":40,"column":15},"end":{"line":42,"column":9}}],"line":37},"2":{"loc":{"start":{"line":37,"column":12},"end":{"line":37,"column":60}},"type":"binary-expr","locations":[{"start":{"line":37,"column":12},"end":{"line":37,"column":27}},{"start":{"line":37,"column":31},"end":{"line":37,"column":60}}],"line":37},"3":{"loc":{"start":{"line":39,"column":19},"end":{"line":39,"column":47}},"type":"cond-expr","locations":[{"start":{"line":39,"column":28},"end":{"line":39,"column":36}},{"start":{"line":39,"column":39},"end":{"line":39,"column":47}}],"line":39},"4":{"loc":{"start":{"line":41,"column":19},"end":{"line":41,"column":71}},"type":"cond-expr","locations":[{"start":{"line":41,"column":28},"end":{"line":41,"column":48}},{"start":{"line":41,"column":51},"end":{"line":41,"column":71}}],"line":41},"5":{"loc":{"start":{"line":57,"column":8},"end":{"line":66,"column":9}},"type":"if","locations":[{"start":{"line":57,"column":8},"end":{"line":66,"column":9}},{"start":{},"end":{}}],"line":57},"6":{"loc":{"start":{"line":60,"column":25},"end":{"line":60,"column":64}},"type":"cond-expr","locations":[{"start":{"line":60,"column":43},"end":{"line":60,"column":60}},{"start":{"line":60,"column":63},"end":{"line":60,"column":64}}],"line":60},"7":{"loc":{"start":{"line":71,"column":14},"end":{"line":92,"column":39}},"type":"binary-expr","locations":[{"start":{"line":71,"column":15},"end":{"line":71,"column":54}},{"start":{"line":71,"column":58},"end":{"line":71,"column":83}},{"start":{"line":71,"column":87},"end":{"line":71,"column":109}},{"start":{"line":73,"column":12},"end":{"line":92,"column":39}}],"line":71}},"s":{"0":2,"1":0,"2":2,"3":4,"4":1204,"5":4,"6":4,"7":0,"8":0,"9":4,"10":0,"11":2,"12":4,"13":5,"14":4,"15":4,"16":4,"17":1,"18":1,"19":1,"20":4,"21":0},"f":{"0":0,"1":4,"2":1204,"3":4,"4":5,"5":1,"6":0},"b":{"0":[4,0],"1":[0,4],"2":[4,4],"3":[0,0],"4":[2,2],"5":[1,0],"6":[1,0],"7":[4,2,2,2]},"_coverageSchema":"1a1c01bbd47fc00a2c39e90264f33305004495a9","hash":"609dd535b19d5627f1f5aa0681cbd54ae0d9a079"}
,"T:\\Coding\\FPLApp\\App\\Features\\LineupView\\TeamSwitch\\TeamSwitchStyles.ts": {"path":"T:\\Coding\\FPLApp\\App\\Features\\LineupView\\TeamSwitch\\TeamSwitchStyles.ts","statementMap":{"0":{"start":{"line":4,"column":22},"end":{"line":47,"column":2}}},"fnMap":{},"branchMap":{},"s":{"0":2},"f":{},"b":{},"_coverageSchema":"1a1c01bbd47fc00a2c39e90264f33305004495a9","hash":"c54accef480da9560a1fd561d5ed20c4f4284bc0"}
,"T:\\Coding\\FPLApp\\App\\Features\\LineupView\\TeamSwitch\\index.ts": {"path":"T:\\Coding\\FPLApp\\App\\Features\\LineupView\\TeamSwitch\\index.ts","statementMap":{},"fnMap":{},"branchMap":{},"s":{},"f":{},"b":{},"_coverageSchema":"1a1c01bbd47fc00a2c39e90264f33305004495a9","hash":"4b5e751be143116f6ed374df93dddb7d017acb7f"}
,"T:\\Coding\\FPLApp\\App\\Features\\PlayerStats\\PlayerList\\PlayerList.tsx": {"path":"T:\\Coding\\FPLApp\\App\\Features\\PlayerStats\\PlayerList\\PlayerList.tsx","statementMap":{"0":{"start":{"line":22,"column":4},"end":{"line":24,"column":5}},"1":{"start":{"line":23,"column":8},"end":{"line":23,"column":17}},"2":{"start":{"line":25,"column":4},"end":{"line":25,"column":15}},"3":{"start":{"line":34,"column":19},"end":{"line":157,"column":2}},"4":{"start":{"line":36,"column":40},"end":{"line":36,"column":72}},"5":{"start":{"line":37,"column":38},"end":{"line":37,"column":95}},"6":{"start":{"line":39,"column":21},"end":{"line":39,"column":37}},"7":{"start":{"line":40,"column":28},"end":{"line":40,"column":106}},"8":{"start":{"line":40,"column":64},"end":{"line":40,"column":97}},"9":{"start":{"line":43,"column":21},"end":{"line":43,"column":56}},"10":{"start":{"line":43,"column":45},"end":{"line":43,"column":55}},"11":{"start":{"line":44,"column":26},"end":{"line":44,"column":116}},"12":{"start":{"line":45,"column":26},"end":{"line":45,"column":123}},"13":{"start":{"line":46,"column":28},"end":{"line":46,"column":172}},"14":{"start":{"line":47,"column":32},"end":{"line":47,"column":186}},"15":{"start":{"line":52,"column":4},"end":{"line":57,"column":10}},"16":{"start":{"line":54,"column":12},"end":{"line":54,"column":54}},"17":{"start":{"line":56,"column":8},"end":{"line":56,"column":23}},"18":{"start":{"line":59,"column":27},"end":{"line":62,"column":10}},"19":{"start":{"line":60,"column":8},"end":{"line":60,"column":45}},"20":{"start":{"line":61,"column":8},"end":{"line":61,"column":50}},"21":{"start":{"line":64,"column":32},"end":{"line":67,"column":10}},"22":{"start":{"line":65,"column":8},"end":{"line":65,"column":50}},"23":{"start":{"line":66,"column":8},"end":{"line":66,"column":50}},"24":{"start":{"line":72,"column":4},"end":{"line":75,"column":124}},"25":{"start":{"line":73,"column":8},"end":{"line":73,"column":30}},"26":{"start":{"line":77,"column":4},"end":{"line":83,"column":51}},"27":{"start":{"line":78,"column":22},"end":{"line":80,"column":15}},"28":{"start":{"line":79,"column":12},"end":{"line":79,"column":34}},"29":{"start":{"line":82,"column":8},"end":{"line":82,"column":41}},"30":{"start":{"line":82,"column":21},"end":{"line":82,"column":40}},"31":{"start":{"line":85,"column":4},"end":{"line":91,"column":35}},"32":{"start":{"line":86,"column":22},"end":{"line":88,"column":15}},"33":{"start":{"line":87,"column":12},"end":{"line":87,"column":34}},"34":{"start":{"line":90,"column":8},"end":{"line":90,"c
[...]
,"T:\\Coding\\FPLApp\\assets\\emblems\\t4.png": {"path":"T:\\Coding\\FPLApp\\assets\\emblems\\t4.png","statementMap":{"0":{"start":{"line":1,"column":0},"end":{"line":4,"column":6}}},"fnMap":{},"branchMap":{},"s":{"0":22},"f":{},"b":{},"inputSourceMap":null,"_coverageSchema":"1a1c01bbd47fc00a2c39e90264f33305004495a9","hash":"07cdab5b16b61219ffdc78f8561b321c4cb2d704"}
,"T:\\Coding\\FPLApp\\assets\\emblems\\t43.png": {"path":"T:\\Coding\\FPLApp\\assets\\emblems\\t43.png","statementMap":{"0":{"start":{"line":1,"column":0},"end":{"line":4,"column":6}}},"fnMap":{},"branchMap":{},"s":{"0":22},"f":{},"b":{},"inputSourceMap":null,"_coverageSchema":"1a1c01bbd47fc00a2c39e90264f33305004495a9","hash":"f44dfd4e57fb735c1709b1f2db8d805335536b19"}
,"T:\\Coding\\FPLApp\\assets\\emblems\\t45.png": {"path":"T:\\Coding\\FPLApp\\assets\\emblems\\t45.png","statementMap":{"0":{"start":{"line":1,"column":0},"end":{"line":4,"column":6}}},"fnMap":{},"branchMap":{},"s":{"0":22},"f":{},"b":{},"inputSourceMap":null,"_coverageSchema":"1a1c01bbd47fc00a2c39e90264f33305004495a9","hash":"394a126805233be5ec4f50dee6f70c464a9642a1"}
,"T:\\Coding\\FPLApp\\assets\\emblems\\t57.png": {"path":"T:\\Coding\\FPLApp\\assets\\emblems\\t57.png","statementMap":{"0":{"start":{"line":1,"column":0},"end":{"line":4,"column":6}}},"fnMap":{},"branchMap":{},"s":{"0":22},"f":{},"b":{},"inputSourceMap":null,"_coverageSchema":"1a1c01bbd47fc00a2c39e90264f33305004495a9","hash":"05a05fc04357cf070234c47ccaf9b329d7e73bea"}
,"T:\\Coding\\FPLApp\\assets\\emblems\\t6.png": {"path":"T:\\Coding\\FPLApp\\assets\\emblems\\t6.png","statementMap":{"0":{"start":{"line":1,"column":0},"end":{"line":4,"column":6}}},"fnMap":{},"branchMap":{},"s":{"0":22},"f":{},"b":{},"inputSourceMap":null,"_coverageSchema":"1a1c01bbd47fc00a2c39e90264f33305004495a9","hash":"c1bcde42bbd19ad50905f2dfda7be354a21092df"}
,"T:\\Coding\\FPLApp\\assets\\emblems\\t7.png": {"path":"T:\\Coding\\FPLApp\\assets\\emblems\\t7.png","statementMap":{"0":{"start":{"line":1,"column":0},"end":{"line":4,"column":6}}},"fnMap":{},"branchMap":{},"s":{"0":22},"f":{},"b":{},"inputSourceMap":null,"_coverageSchema":"1a1c01bbd47fc00a2c39e90264f33305004495a9","hash":"a83fc6d05f19baad70ddc52301ba41e3d8980655"}
,"T:\\Coding\\FPLApp\\assets\\emblems\\t8.png": {"path":"T:\\Coding\\FPLApp\\assets\\emblems\\t8.png","statementMap":{"0":{"start":{"line":1,"column":0},"end":{"line":4,"column":6}}},"fnMap":{},"branchMap":{},"s":{"0":22},"f":{},"b":{},"inputSourceMap":null,"_coverageSchema":"1a1c01bbd47fc00a2c39e90264f33305004495a9","hash":"66276af73664704e52756342a6c1d43a71a0f7f6"}
,"T:\\Coding\\FPLApp\\assets\\emblems\\t90.png": {"path":"T:\\Coding\\FPLApp\\assets\\emblems\\t90.png","statementMap":{"0":{"start":{"line":1,"column":0},"end":{"line":4,"column":6}}},"fnMap":{},"branchMap":{},"s":{"0":22},"f":{},"b":{},"inputSourceMap":null,"_coverageSchema":"1a1c01bbd47fc00a2c39e90264f33305004495a9","hash":"569a203f17562535dd54dc5d6c25a31f9f1047eb"}
,"T:\\Coding\\FPLApp\\assets\\emblems\\t94.png": {"path":"T:\\Coding\\FPLApp\\assets\\emblems\\t94.png","statementMap":{"0":{"start":{"line":1,"column":0},"end":{"line":4,"column":6}}},"fnMap":{},"branchMap":{},"s":{"0":22},"f":{},"b":{},"inputSourceMap":null,"_coverageSchema":"1a1c01bbd47fc00a2c39e90264f33305004495a9","hash":"853ab2d62777d0bfcf0198669e0227261e3628d3"}
,"T:\\Coding\\FPLApp\\assets\\icons\\calendar.png": {"path":"T:\\Coding\\FPLApp\\assets\\icons\\calendar.png","statementMap":{"0":{"start":{"line":1,"column":0},"end":{"line":4,"column":6}}},"fnMap":{},"branchMap":{},"s":{"0":22},"f":{},"b":{},"inputSourceMap":null,"_coverageSchema":"1a1c01bbd47fc00a2c39e90264f33305004495a9","hash":"2cd794f54b22f51148d1b93eb31b11fa074c8fd2"}
,"T:\\Coding\\FPLApp\\assets\\icons\\checkmark.png": {"path":"T:\\Coding\\FPLApp\\assets\\icons\\checkmark.png","statementMap":{"0":{"start":{"line":1,"column":0},"end":{"line":4,"column":6}}},"fnMap":{},"branchMap":{},"s":{"0":22},"f":{},"b":{},"inputSourceMap":null,"_coverageSchema":"1a1c01bbd47fc00a2c39e90264f33305004495a9","hash":"0ff9942e5079d9ccd3a6b8b933b2e43e5db08416"}
,"T:\\Coding\\FPLApp\\assets\\icons\\close.png": {"path":"T:\\Coding\\FPLApp\\assets\\icons\\close.png","statementMap":{"0":{"start":{"line":1,"column":0},"end":{"line":4,"column":6}}},"fnMap":{},"branchMap":{},"s":{"0":22},"f":{},"b":{},"inputSourceMap":null,"_coverageSchema":"1a1c01bbd47fc00a2c39e90264f33305004495a9","hash":"b73d68ea2b2690c49d2a0d4945aa43384f7b15a8"}
,"T:\\Coding\\FPLApp\\assets\\icons\\delete.png": {"path":"T:\\Coding\\FPLApp\\assets\\icons\\delete.png","statementMap":{"0":{"start":{"line":1,"column":0},"end":{"line":4,"column":6}}},"fnMap":{},"branchMap":{},"s":{"0":22},"f":{},"b":{},"inputSourceMap":null,"_coverageSchema":"1a1c01bbd47fc00a2c39e90264f33305004495a9","hash":"cce1c8195c8cadf621b76bc854e2bdda4273f637"}
,"T:\\Coding\\FPLApp\\assets\\icons\\doubtful.png": {"path":"T:\\Coding\\FPLApp\\assets\\icons\\doubtful.png","statementMap":{"0":{"start":{"line":1,"column":0},"end":{"line":4,"column":6}}},"fnMap":{},"branchMap":{},"s":{"0":22},"f":{},"b":{},"inputSourceMap":null,"_coverageSchema":"1a1c01bbd47fc00a2c39e90264f33305004495a9","hash":"3b3751fd5c1908a45f6f691fabe53d4c85ab0801"}
,"T:\\Coding\\FPLApp\\assets\\icons\\dreamteam.png": {"path":"T:\\Coding\\FPLApp\\assets\\icons\\dreamteam.png","statementMap":{"0":{"start":{"line":1,"column":0},"end":{"line":4,"column":6}}},"fnMap":{},"branchMap":{},"s":{"0":22},"f":{},"b":{},"inputSourceMap":null,"_coverageSchema":"1a1c01bbd47fc00a2c39e90264f33305004495a9","hash":"430bfa39145af0a127e148ef927d60fb3a36b2fc"}
,"T:\\Coding\\FPLApp\\assets\\icons\\edit.png": {"path":"T:\\Coding\\FPLApp\\assets\\icons\\edit.png","statementMap":{"0":{"start":{"line":1,"column":0},"end":{"line":4,"column":6}}},"fnMap":{},"branchMap":{},"s":{"0":22},"f":{},"b":{},"inputSourceMap":null,"_coverageSchema":"1a1c01bbd47fc00a2c39e90264f33305004495a9","hash":"53d425124ba7d62542c17d933ebdae65bd457684"}
,"T:\\Coding\\FPLApp\\assets\\icons\\editdisabled.png": {"path":"T:\\Coding\\FPLApp\\assets\\icons\\editdisabled.png","statementMap":{"0":{"start":{"line":1,"column":0},"end":{"line":4,"column":6}}},"fnMap":{},"branchMap":{},"s":{"0":22},"f":{},"b":{},"inputSourceMap":null,"_coverageSchema":"1a1c01bbd47fc00a2c39e90264f33305004495a9","hash":"dbe84743578a69bed946c84a4096d1e87606b817"}
,"T:\\Coding\\FPLApp\\assets\\icons\\favourite.png": {"path":"T:\\Coding\\FPLApp\\assets\\icons\\favourite.png","statementMap":{"0":{"start":{"line":1,"column":0},"end":{"line":4,"column":6}}},"fnMap":{},"branchMap":{},"s":{"0":22},"f":{},"b":{},"inputSourceMap":null,"_coverageSchema":"1a1c01bbd47fc00a2c39e90264f33305004495a9","hash":"f141e3b28a10d9561cab7a113effdb42c03c8fd6"}
,"T:\\Coding\\FPLApp\\assets\\icons\\filter.png": {"path":"T:\\Coding\\FPLApp\\assets\\icons\\filter.png","statementMap":{"0":{"start":{"line":1,"column":0},"end":{"line":4,"column":6}}},"fnMap":{},"branchMap":{},"s":{"0":22},"f":{},"b":{},"inputSourceMap":null,"_coverageSchema":"1a1c01bbd47fc00a2c39e90264f33305004495a9","hash":"e9d79531b17b409b677256fe72afcbe16364b637"}
,"T:\\Coding\\FPLApp\\assets\\icons\\info.png": {"path":"T:\\Coding\\FPLApp\\assets\\icons\\info.png","statementMap":{"0":{"start":{"line":1,"column":0},"end":{"line":4,"column":6}}},"fnMap":{},"branchMap":{},"s":{"0":22},"f":{},"b":{},"inputSourceMap":null,"_coverageSchema":"1a1c01bbd47fc00a2c39e90264f33305004495a9","hash":"89fe9eb7e1cbb7aca113a08d2f89d75130847381"}
,"T:\\Coding\\FPLApp\\assets\\icons\\out.png": {"path":"T:\\Coding\\FPLApp\\assets\\icons\\out.png","statementMap":{"0":{"start":{"line":1,"column":0},"end":{"line":4,"column":6}}},"fnMap":{},"branchMap":{},"s":{"0":22},"f":{},"b":{},"inputSourceMap":null,"_coverageSchema":"1a1c01bbd47fc00a2c39e90264f33305004495a9","hash":"8829931415a7cb93ecacce2ca2b451e6fcf3bffd"}
,"T:\\Coding\\FPLApp\\assets\\icons\\playercomparison.png": {"path":"T:\\Coding\\FPLApp\\assets\\icons\\playercomparison.png","statementMap":{"0":{"start":{"line":1,"column":0},"end":{"line":4,"column":6}}},"fnMap":{},"branchMap":{},"s":{"0":22},"f":{},"b":{},"inputSourceMap":null,"_coverageSchema":"1a1c01bbd47fc00a2c39e90264f33305004495a9","hash":"1c0d027a15363a4ae78637bdd5dd75a11be1a8a6"}
,"T:\\Coding\\FPLApp\\assets\\icons\\playersearch.png": {"path":"T:\\Coding\\FPLApp\\assets\\icons\\playersearch.png","statementMap":{"0":{"start":{"line":1,"column":0},"end":{"line":4,"column":6}}},"fnMap":{},"branchMap":{},"s":{"0":22},"f":{},"b":{},"inputSourceMap":null,"_coverageSchema":"1a1c01bbd47fc00a2c39e90264f33305004495a9","hash":"17ac3a210f1d7dedf33845665e684a76799b50ea"}
,"T:\\Coding\\FPLApp\\assets\\icons\\search.png": {"path":"T:\\Coding\\FPLApp\\assets\\icons\\search.png","statementMap":{"0":{"start":{"line":1,"column":0},"end":{"line":4,"column":6}}},"fnMap":{},"branchMap":{},"s":{"0":22},"f":{},"b":{},"inputSourceMap":null,"_coverageSchema":"1a1c01bbd47fc00a2c39e90264f33305004495a9","hash":"8ea3c326ee0a9c58f63f3346f8603a947f372000"}
,"T:\\Coding\\FPLApp\\assets\\icons\\strategy.png": {"path":"T:\\Coding\\FPLApp\\assets\\icons\\strategy.png","statementMap":{"0":{"start":{"line":1,"column":0},"end":{"line":4,"column":6}}},"fnMap":{},"branchMap":{},"s":{"0":22},"f":{},"b":{},"inputSourceMap":null,"_coverageSchema":"1a1c01bbd47fc00a2c39e90264f33305004495a9","hash":"f6106e1f7bcfc471019a244d002756858a33c6a4"}
,"T:\\Coding\\FPLApp\\assets\\icons\\team.png": {"path":"T:\\Coding\\FPLApp\\assets\\icons\\team.png","statementMap":{"0":{"start":{"line":1,"column":0},"end":{"line":4,"column":6}}},"fnMap":{},"branchMap":{},"s":{"0":22},"f":{},"b":{},"inputSourceMap":null,"_coverageSchema":"1a1c01bbd47fc00a2c39e90264f33305004495a9","hash":"6297d5f933e8a8fabc18baae773d8f76dc2bd1e7"}
,"T:\\Coding\\FPLApp\\assets\\icons\\unfavourite.png": {"path":"T:\\Coding\\FPLApp\\assets\\icons\\unfavourite.png","statementMap":{"0":{"start":{"line":1,"column":0},"end":{"line":4,"column":6}}},"fnMap":{},"branchMap":{},"s":{"0":22},"f":{},"b":{},"inputSourceMap":null,"_coverageSchema":"1a1c01bbd47fc00a2c39e90264f33305004495a9","hash":"1c9f6f2c661bf9c949538e5015038b17fdacdbb5"}
,"T:\\Coding\\FPLApp\\assets\\jerseys\\1.png": {"path":"T:\\Coding\\FPLApp\\assets\\jerseys\\1.png","statementMap":{"0":{"start":{"line":1,"column":0},"end":{"line":4,"column":6}}},"fnMap":{},"branchMap":{},"s":{"0":22},"f":{},"b":{},"inputSourceMap":null,"_coverageSchema":"1a1c01bbd47fc00a2c39e90264f33305004495a9","hash":"033638613166f9142bbf52147c3b35af2c4332a7"}
,"T:\\Coding\\FPLApp\\assets\\jerseys\\11.png": {"path":"T:\\Coding\\FPLApp\\assets\\jerseys\\11.png","statementMap":{"0":{"start":{"line":1,"column":0},"end":{"line":4,"column":6}}},"fnMap":{},"branchMap":{},"s":{"0":22},"f":{},"b":{},"inputSourceMap":null,"_coverageSchema":"1a1c01bbd47fc00a2c39e90264f33305004495a9","hash":"7aecc8a45ecb67ed02d4c69d7c2e0af2a42c7105"}
,"T:\\Coding\\FPLApp\\assets\\jerseys\\13.png": {"path":"T:\\Coding\\FPLApp\\assets\\jerseys\\13.png","statementMap":{"0":{"start":{"line":1,"column":0},"end":{"line":4,"column":6}}},"fnMap":{},"branchMap":{},"s":{"0":22},"f":{},"b":{},"inputSourceMap":null,"_coverageSchema":"1a1c01bbd47fc00a2c39e90264f33305004495a9","hash":"c48b496e49e2d08e33211258766d4e45d6575e1d"}
,"T:\\Coding\\FPLApp\\assets\\jerseys\\14.png": {"path":"T:\\Coding\\FPLApp\\assets\\jerseys\\14.png","statementMap":{"0":{"start":{"line":1,"column":0},"end":{"line":4,"column":6}}},"fnMap":{},"branchMap":{},"s":{"0":22},"f":{},"b":{},"inputSourceMap":null,"_coverageSchema":"1a1c01bbd47fc00a2c39e90264f33305004495a9","hash":"f008488eda0dd82b31de08df6e804046d432ffb2"}
,"T:\\Coding\\FPLApp\\assets\\jerseys\\2.png": {"path":"T:\\Coding\\FPLApp\\assets\\jerseys\\2.png","statementMap":{"0":{"start":{"line":1,"column":0},"end":{"line":4,"column":6}}},"fnMap":{},"branchMap":{},"s":{"0":22},"f":{},"b":{},"inputSourceMap":null,"_coverageSchema":"1a1c01bbd47fc00a2c39e90264f33305004495a9","hash":"0bb5a16d192cee545c66647de99ffa1e119bda71"}
,"T:\\Coding\\FPLApp\\assets\\jerseys\\20.png": {"path":"T:\\Coding\\FPLApp\\assets\\jerseys\\20.png","statementMap":{"0":{"start":{"line":1,"column":0},"end":{"line":4,"column":6}}},"fnMap":{},"branchMap":{},"s":{"0":22},"f":{},"b":{},"inputSourceMap":null,"_coverageSchema":"1a1c01bbd47fc00a2c39e90264f33305004495a9","hash":"dcca227e3357d3e0b418832ea9374d7a3ad697d6"}
,"T:\\Coding\\FPLApp\\assets\\jerseys\\21.png": {"path":"T:\\Coding\\FPLApp\\assets\\jerseys\\21.png","statementMap":{"0":{"start":{"line":1,"column":0},"end":{"line":4,"column":6}}},"fnMap":{},"branchMap":{},"s":{"0":22},"f":{},"b":{},"inputSourceMap":null,"_coverageSchema":"1a1c01bbd47fc00a2c39e90264f33305004495a9","hash":"7a264a5e143683db9661177f6d959c41f7b98644"}
,"T:\\Coding\\FPLApp\\assets\\jerseys\\3.png": {"path":"T:\\Coding\\FPLApp\\assets\\jerseys\\3.png","statementMap":{"0":{"start":{"line":1,"column":0},"end":{"line":4,"column":6}}},"fnMap":{},"branchMap":{},"s":{"0":22},"f":{},"b":{},"inputSourceMap":null,"_coverageSchema":"1a1c01bbd47fc00a2c39e90264f33305004495a9","hash":"fb10130af9d15052d002f22c004044825a600bd7"}
,"T:\\Coding\\FPLApp\\assets\\jerseys\\31.png": {"path":"T:\\Coding\\FPLApp\\assets\\jerseys\\31.png","statementMap":{"0":{"start":{"line":1,"column":0},"end":{"line":4,"column":6}}},"fnMap":{},"branchMap":{},"s":{"0":22},"f":{},"b":{},"inputSourceMap":null,"_coverageSchema":"1a1c01bbd47fc00a2c39e90264f33305004495a9","hash":"2a92d9d9b9f48d1b6e77ee0b65889ae4b2706c5b"}
,"T:\\Coding\\FPLApp\\assets\\jerseys\\36.png": {"path":"T:\\Coding\\FPLApp\\assets\\jerseys\\36.png","statementMap":{"0":{"start":{"line":1,"column":0},"end":{"line":4,"column":6}}},"fnMap":{},"branchMap":{},"s":{"0":22},"f":{},"b":{},"inputSourceMap":null,"_coverageSchema":"1a1c01bbd47fc00a2c39e90264f33305004495a9","hash":"b4cf086077ba31a9cb5ce701054e1e371636e491"}
,"T:\\Coding\\FPLApp\\assets\\jerseys\\39.png": {"path":"T:\\Coding\\FPLApp\\assets\\jerseys\\39.png","statementMap":{"0":{"start":{"line":1,"column":0},"end":{"line":4,"column":6}}},"fnMap":{},"branchMap":{},"s":{"0":22},"f":{},"b":{},"inputSourceMap":null,"_coverageSchema":"1a1c01bbd47fc00a2c39e90264f33305004495a9","hash":"239929d7cd59a2662044bd974f5d46c9a933db7b"}
,"T:\\Coding\\FPLApp\\assets\\jerseys\\4.png": {"path":"T:\\Coding\\FPLApp\\assets\\jerseys\\4.png","statementMap":{"0":{"start":{"line":1,"column":0},"end":{"line":4,"column":6}}},"fnMap":{},"branchMap":{},"s":{"0":22},"f":{},"b":{},"inputSourceMap":null,"_coverageSchema":"1a1c01bbd47fc00a2c39e90264f33305004495a9","hash":"02c308991033abc78e1228d5e737d4e67dfdc819"}
,"T:\\Coding\\FPLApp\\assets\\jerseys\\43.png": {"path":"T:\\Coding\\FPLApp\\assets\\jerseys\\43.png","statementMap":{"0":{"start":{"line":1,"column":0},"end":{"line":4,"column":6}}},"fnMap":{},"branchMap":{},"s":{"0":22},"f":{},"b":{},"inputSourceMap":null,"_coverageSchema":"1a1c01bbd47fc00a2c39e90264f33305004495a9","hash":"173f10fa3b4243b90ed63dcbdb98567d8a9c032c"}
,"T:\\Coding\\FPLApp\\assets\\jerseys\\45.png": {"path":"T:\\Coding\\FPLApp\\assets\\jerseys\\45.png","statementMap":{"0":{"start":{"line":1,"column":0},"end":{"line":4,"column":6}}},"fnMap":{},"branchMap":{},"s":{"0":22},"f":{},"b":{},"inputSourceMap":null,"_coverageSchema":"1a1c01bbd47fc00a2c39e90264f33305004495a9","hash":"430b42b0ccc8bdacbb8307320f658b2d501d7c19"}
,"T:\\Coding\\FPLApp\\assets\\jerseys\\57.png": {"path":"T:\\Coding\\FPLApp\\assets\\jerseys\\57.png","statementMap":{"0":{"start":{"line":1,"column":0},"end":{"line":4,"column":6}}},"fnMap":{},"branchMap":{},"s":{"0":22},"f":{},"b":{},"inputSourceMap":null,"_coverageSchema":"1a1c01bbd47fc00a2c39e90264f33305004495a9","hash":"81a1ff40f0ba6c4cd1a471bd9cbc79b2a75d36e7"}
,"T:\\Coding\\FPLApp\\assets\\jerseys\\6.png": {"path":"T:\\Coding\\FPLApp\\assets\\jerseys\\6.png","statementMap":{"0":{"start":{"line":1,"column":0},"end":{"line":4,"column":6}}},"fnMap":{},"branchMap":{},"s":{"0":22},"f":{},"b":{},"inputSourceMap":null,"_coverageSchema":"1a1c01bbd47fc00a2c39e90264f33305004495a9","hash":"95e89cb612c625ffc0735a944d112be5fbffb426"}
,"T:\\Coding\\FPLApp\\assets\\jerseys\\7.png": {"path":"T:\\Coding\\FPLApp\\assets\\jerseys\\7.png","statementMap":{"0":{"start":{"line":1,"column":0},"end":{"line":4,"column":6}}},"fnMap":{},"branchMap":{},"s":{"0":22},"f":{},"b":{},"inputSourceMap":null,"_coverageSchema":"1a1c01bbd47fc00a2c39e90264f33305004495a9","hash":"63cc51d0894a6b3f31f02f118e027bc261477984"}
,"T:\\Coding\\FPLApp\\assets\\jerseys\\8.png": {"path":"T:\\Coding\\FPLApp\\assets\\jerseys\\8.png","statementMap":{"0":{"start":{"line":1,"column":0},"end":{"line":4,"column":6}}},"fnMap":{},"branchMap":{},"s":{"0":22},"f":{},"b":{},"inputSourceMap":null,"_coverageSchema":"1a1c01bbd47fc00a2c39e90264f33305004495a9","hash":"f3955952f1189edf4db375e2b194da2aec7138f8"}
,"T:\\Coding\\FPLApp\\assets\\jerseys\\90.png": {"path":"T:\\Coding\\FPLApp\\assets\\jerseys\\90.png","statementMap":{"0":{"start":{"line":1,"column":0},"end":{"line":4,"column":6}}},"fnMap":{},"branchMap":{},"s":{"0":22},"f":{},"b":{},"inputSourceMap":null,"_coverageSchema":"1a1c01bbd47fc00a2c39e90264f33305004495a9","hash":"475fe32898300a4b0274032285f2c14708e4af43"}
,"T:\\Coding\\FPLApp\\assets\\jerseys\\94.png": {"path":"T:\\Coding\\FPLApp\\assets\\jerseys\\94.png","statementMap":{"0":{"start":{"line":1,"column":0},"end":{"line":4,"column":6}}},"fnMap":{},"branchMap":{},"s":{"0":22},"f":{},"b":{},"inputSourceMap":null,"_coverageSchema":"1a1c01bbd47fc00a2c39e90264f33305004495a9","hash":"2bfe33bdbfef1a2fb6c86da74f6d1d99f2863893"}
,"T:\\Coding\\FPLApp\\assets\\stats\\assist.png": {"path":"T:\\Coding\\FPLApp\\assets\\stats\\assist.png","statementMap":{"0":{"start":{"line":1,"column":0},"end":{"line":4,"column":6}}},"fnMap":{},"branchMap":{},"s":{"0":22},"f":{},"b":{},"inputSourceMap":null,"_coverageSchema":"1a1c01bbd47fc00a2c39e90264f33305004495a9","hash":"b6c78d863fdb0b420cef90027bcd55dfb60bae28"}
,"T:\\Coding\\FPLApp\\assets\\stats\\goal.png": {"path":"T:\\Coding\\FPLApp\\assets\\stats\\goal.png","statementMap":{"0":{"start":{"line":1,"column":0},"end":{"line":4,"column":6}}},"fnMap":{},"branchMap":{},"s":{"0":22},"f":{},"b":{},"inputSourceMap":null,"_coverageSchema":"1a1c01bbd47fc00a2c39e90264f33305004495a9","hash":"153b34ecef96fa06dc2c16e6e23487d0be7e7a2c"}
,"T:\\Coding\\FPLApp\\assets\\stats\\owngoal.png": {"path":"T:\\Coding\\FPLApp\\assets\\stats\\owngoal.png","statementMap":{"0":{"start":{"line":1,"column":0},"end":{"line":4,"column":6}}},"fnMap":{},"branchMap":{},"s":{"0":22},"f":{},"b":{},"inputSourceMap":null,"_coverageSchema":"1a1c01bbd47fc00a2c39e90264f33305004495a9","hash":"296068c780382239c16658c418d87bc8974dedef"}
,"T:\\Coding\\FPLApp\\assets\\stats\\penaltysave.png": {"path":"T:\\Coding\\FPLApp\\assets\\stats\\penaltysave.png","statementMap":{"0":{"start":{"line":1,"column":0},"end":{"line":4,"column":6}}},"fnMap":{},"branchMap":{},"s":{"0":22},"f":{},"b":{},"inputSourceMap":null,"_coverageSchema":"1a1c01bbd47fc00a2c39e90264f33305004495a9","hash":"5fdb659630e962765994c638ab26070cf4610759"}
,"T:\\Coding\\FPLApp\\assets\\stats\\redcard.png": {"path":"T:\\Coding\\FPLApp\\assets\\stats\\redcard.png","statementMap":{"0":{"start":{"line":1,"column":0},"end":{"line":4,"column":6}}},"fnMap":{},"branchMap":{},"s":{"0":22},"f":{},"b":{},"inputSourceMap":null,"_coverageSchema":"1a1c01bbd47fc00a2c39e90264f33305004495a9","hash":"bb034274921b887a576789d62e6fd5aaa262a185"}
,"T:\\Coding\\FPLApp\\assets\\stats\\yellowcard.png": {"path":"T:\\Coding\\FPLApp\\assets\\stats\\yellowcard.png","statementMap":{"0":{"start":{"line":1,"column":0},"end":{"line":4,"column":6}}},"fnMap":{},"branchMap":{},"s":{"0":22},"f":{},"b":{},"inputSourceMap":null,"_coverageSchema":"1a1c01bbd47fc00a2c39e90264f33305004495a9","hash":"1dee63bf96056d276451056f1b750e9b50b5d739"}
}
