{"T:\\Coding\\FPLApp\\App\\Features\\BottomTabs\\TabButton\\TabButton.tsx": {"path":"T:\\Coding\\FPLApp\\App\\Features\\BottomTabs\\TabButton\\TabButton.tsx","statementMap":{"0":{"start":{"line":8,"column":26},"end":{"line":8,"column":45}},"1":{"start":{"line":17,"column":18},"end":{"line":45,"column":1}},"2":{"start":{"line":19,"column":18},"end":{"line":19,"column":28}},"3":{"start":{"line":20,"column":19},"end":{"line":20,"column":41}},"4":{"start":{"line":21,"column":33},"end":{"line":21,"column":64}},"5":{"start":{"line":21,"column":50},"end":{"line":21,"column":62}},"6":{"start":{"line":23,"column":22},"end":{"line":33,"column":5}},"7":{"start":{"line":24,"column":8},"end":{"line":30,"column":11}},"8":{"start":{"line":32,"column":8},"end":{"line":32,"column":28}},"9":{"start":{"line":35,"column":4},"end":{"line":44,"column":5}}},"fnMap":{"0":{"name":"(anonymous_0)","decl":{"start":{"line":17,"column":18},"end":{"line":17,"column":19}},"loc":{"start":{"line":17,"column":84},"end":{"line":45,"column":1}},"line":17},"1":{"name":"(anonymous_1)","decl":{"start":{"line":21,"column":43},"end":{"line":21,"column":44}},"loc":{"start":{"line":21,"column":50},"end":{"line":21,"column":62}},"line":21},"2":{"name":"(anonymous_2)","decl":{"start":{"line":23,"column":22},"end":{"line":23,"column":23}},"loc":{"start":{"line":23,"column":28},"end":{"line":33,"column":5}},"line":23}},"branchMap":{"0":{"loc":{"start":{"line":17,"column":43},"end":{"line":17,"column":61}},"type":"default-arg","locations":[{"start":{"line":17,"column":56},"end":{"line":17,"column":61}}],"line":17},"1":{"loc":{"start":{"line":36,"column":153},"end":{"line":36,"column":173}},"type":"cond-expr","locations":[{"start":{"line":36,"column":166},"end":{"line":36,"column":169}},{"start":{"line":36,"column":172},"end":{"line":36,"column":173}}],"line":36}},"s":{"0":1,"1":1,"2":2,"3":2,"4":2,"5":1,"6":2,"7":1,"8":1,"9":2},"f":{"0":2,"1":1,"2":1},"b":{"0":[1],"1":[1,1]},"_coverageSchema":"1a1c01bbd47fc00a2c39e90264f33305004495a9","hash":"ab501e24828fdb19e700c207330e74cfec2058bb"}
,"T:\\Coding\\FPLApp\\App\\Features\\BottomTabs\\TabButton\\TabButtonStyles.ts": {"path":"T:\\Coding\\FPLApp\\App\\Features\\BottomTabs\\TabButton\\TabButtonStyles.ts","statementMap":{"0":{"start":{"line":5,"column":31},"end":{"line":31,"column":2}},"1":{"start":{"line":5,"column":49},"end":{"line":31,"column":2}}},"fnMap":{"0":{"name":"(anonymous_0)","decl":{"start":{"line":5,"column":31},"end":{"line":5,"column":32}},"loc":{"start":{"line":5,"column":49},"end":{"line":31,"column":2}},"line":5}},"branchMap":{},"s":{"0":1,"1":2},"f":{"0":2},"b":{},"_coverageSchema":"1a1c01bbd47fc00a2c39e90264f33305004495a9","hash":"37c28f69d0fdfa007419fe2d45f6014fe8e81531"}
,"T:\\Coding\\FPLApp\\App\\Features\\BottomTabs\\TabButton\\index.ts": {"path":"T:\\Coding\\FPLApp\\App\\Features\\BottomTabs\\TabButton\\index.ts","statementMap":{},"fnMap":{},"branchMap":{},"s":{},"f":{},"b":{},"_coverageSchema":"1a1c01bbd47fc00a2c39e90264f33305004495a9","hash":"4693b5354850b01fd85d3c062a650eca9d68a8a9"}
,"T:\\Coding\\FPLApp\\App\\Global\\GlobalConstants.tsx": {"path":"T:\\Coding\\FPLApp\\App\\Global\\GlobalConstants.tsx","statementMap":{"0":{"start":{"line":5,"column":31},"end":{"line":5,"column":55}},"1":{"start":{"line":8,"column":36},"end":{"line":8,"column":78}},"2":{"start":{"line":9,"column":45},"end":{"line":9,"column":87}},"3":{"start":{"line":10,"column":35},"end":{"line":10,"column":77}},"4":{"start":{"line":12,"column":33},"end":{"line":12,"column":63}},"5":{"start":{"line":17,"column":28},"end":{"line":17,"column":30}},"6":{"start":{"line":20,"column":26},"end":{"line":20,"column":35}},"7":{"start":{"line":21,"column":30},"end":{"line":21,"column":39}},"8":{"start":{"line":22,"column":24},"end":{"line":22,"column":33}},"9":{"start":{"line":24,"column":27},"end":{"line":24,"column":39}},"10":{"start":{"line":25,"column":28},"end":{"line":25,"column":37}},"11":{"start":{"line":26,"column":30},"end":{"line":26,"column":39}},"12":{"start":{"line":27,"column":26},"end":{"line":27,"column":35}},"13":{"start":{"line":28,"column":35},"end":{"line":28,"column":44}},"14":{"start":{"line":29,"column":25},"end":{"line":29,"column":34}},"15":{"start":{"line":30,"column":34},"end":{"line":30,"column":43}},"16":{"start":{"line":31,"column":29},"end":{"line":31,"column":38}},"17":{"start":{"line":32,"column":32},"end":{"line":32,"column":41}},"18":{"start":{"line":33,"column":34},"end":{"line":33,"column":43}},"19":{"start":{"line":35,"column":25},"end":{"line":35,"column":34}},"20":{"start":{"line":37,"column":30},"end":{"line":37,"column":37}},"21":{"start":{"line":38,"column":36},"end":{"line":38,"column":48}},"22":{"start":{"line":39,"column":32},"end":{"line":39,"column":46}},"23":{"start":{"line":42,"column":25},"end":{"line":42,"column":80}},"24":{"start":{"line":43,"column":26},"end":{"line":43,"column":82}},"25":{"start":{"line":44,"column":25},"end":{"line":44,"column":81}},"26":{"start":{"line":47,"column":26},"end":{"line":51,"column":50}},"27":{"start":{"line":53,"column":37},"end":{"line":53,"column":38}},"28":{"start":{"line":55,"column":28},"end":{"line":65,"column":1}},"29":{"start":{"line":67,"column":25},"end":{"line":77,"column":1}}},"fnMap":{},"branchMap":{},"s":{"0":1,"1":1,"2":1,"3":1,"4":1,"5":1,"6":1,"7":1,"8":1,"9":1,"10":1,"11":1,"12":1,"13":1,"14":1,"15":1,"16":1,"17":1,"18":1,"19":1,"20":1,"21":1,"22":1,"23":1,"24":1,"25":1,"26":1,"27":1,"28":1,"29":1},"f":{},"b":{},"_coverageSchema":"1a1c01bbd47fc00a2c39e90264f33305004495a9","hash":"6f62ae96dbeecec2e7a43bd4b65ac7157931e1c9"}
,"T:\\Coding\\FPLApp\\App\\Global\\Images.ts": {"path":"T:\\Coding\\FPLApp\\App\\Global\\Images.ts","statementMap":{"0":{"start":{"line":5,"column":4},"end":{"line":29,"column":5}},"1":{"start":{"line":32,"column":4},"end":{"line":56,"column":5}},"2":{"start":{"line":59,"column":4},"end":{"line":67,"column":5}},"3":{"start":{"line":70,"column":4},"end":{"line":92,"column":5}}},"fnMap":{},"branchMap":{},"s":{"0":1,"1":1,"2":1,"3":1},"f":{},"b":{},"_coverageSchema":"1a1c01bbd47fc00a2c39e90264f33305004495a9","hash":"79a96eb05e0cca5c96ba4982a9c9498931de33be"}
,"T:\\Coding\\FPLApp\\assets\\emblems\\t1.png": {"path":"T:\\Coding\\FPLApp\\assets\\emblems\\t1.png","statementMap":{"0":{"start":{"line":1,"column":0},"end":{"line":4,"column":6}}},"fnMap":{},"branchMap":{},"s":{"0":1},"f":{},"b":{},"_coverageSchema":"1a1c01bbd47fc00a2c39e90264f33305004495a9","hash":"05ee9709418b328045016844705b484308f1f479"}
,"T:\\Coding\\FPLApp\\assets\\emblems\\t11.png": {"path":"T:\\Coding\\FPLApp\\assets\\emblems\\t11.png","statementMap":{"0":{"start":{"line":1,"column":0},"end":{"line":4,"column":6}}},"fnMap":{},"branchMap":{},"s":{"0":1},"f":{},"b":{},"_coverageSchema":"1a1c01bbd47fc00a2c39e90264f33305004495a9","hash":"244062f9b428f0e126dd99f3e2f4705060c452e9"}
,"T:\\Coding\\FPLApp\\assets\\emblems\\t13.png": {"path":"T:\\Coding\\FPLApp\\assets\\emblems\\t13.png","statementMap":{"0":{"start":{"line":1,"column":0},"end":{"line":4,"column":6}}},"fnMap":{},"branchMap":{},"s":{"0":1},"f":{},"b":{},"_coverageSchema":"1a1c01bbd47fc00a2c39e90264f33305004495a9","hash":"4bb5a3a7b190e45ce909030c19373be052e324fa"}
,"T:\\Coding\\FPLApp\\assets\\emblems\\t14.png": {"path":"T:\\Coding\\FPLApp\\assets\\emblems\\t14.png","statementMap":{"0":{"start":{"line":1,"column":0},"end":{"line":4,"column":6}}},"fnMap":{},"branchMap":{},"s":{"0":1},"f":{},"b":{},"_coverageSchema":"1a1c01bbd47fc00a2c39e90264f33305004495a9","hash":"355dcb89875dfcd2edd43eb52f2f88ec04dcfa8b"}
,"T:\\Coding\\FPLApp\\assets\\emblems\\t17.png": {"path":"T:\\Coding\\FPLApp\\assets\\emblems\\t17.png","statementMap":{"0":{"start":{"line":1,"column":0},"end":{"line":4,"column":6}}},"fnMap":{},"branchMap":{},"s":{"0":1},"f":{},"b":{},"_coverageSchema":"1a1c01bbd47fc00a2c39e90264f33305004495a9","hash":"e339cf0243438806cf04df233f600cf64473b636"}
,"T:\\Coding\\FPLApp\\assets\\emblems\\t2.png": {"path":"T:\\Coding\\FPLApp\\assets\\emblems\\t2.png","statementMap":{"0":{"start":{"line":1,"column":0},"end":{"line":4,"column":6}}},"fnMap":{},"branchMap":{},"s":{"0":1},"f":{},"b":{},"_coverageSchema":"1a1c01bbd47fc00a2c39e90264f33305004495a9","hash":"53f5698ade576282aeb5c7997d60135b70c51c90"}
,"T:\\Coding\\FPLApp\\assets\\emblems\\t20.png": {"path":"T:\\Coding\\FPLApp\\assets\\emblems\\t20.png","statementMap":{"0":{"start":{"line":1,"column":0},"end":{"line":4,"column":6}}},"fnMap":{},"branchMap":{},"s":{"0":1},"f":{},"b":{},"_coverageSchema":"1a1c01bbd47fc00a2c39e90264f33305004495a9","hash":"57f766e7a65cd64e867b04eeee9653f4a1b82eab"}
,"T:\\Coding\\FPLApp\\assets\\emblems\\t21.png": {"path":"T:\\Coding\\FPLApp\\assets\\emblems\\t21.png","statementMap":{"0":{"start":{"line":1,"column":0},"end":{"line":4,"column":6}}},"fnMap":{},"branchMap":{},"s":{"0":1},"f":{},"b":{},"_coverageSchema":"1a1c01bbd47fc00a2c39e90264f33305004495a9","hash":"33f348bb53eca338d0750d5c7688d98bb70573dc"}
,"T:\\Coding\\FPLApp\\assets\\emblems\\t3.png": {"path":"T:\\Coding\\FPLApp\\assets\\emblems\\t3.png","statementMap":{"0":{"start":{"line":1,"column":0},"end":{"line":4,"column":6}}},"fnMap":{},"branchMap":{},"s":{"0":1},"f":{},"b":{},"_coverageSchema":"1a1c01bbd47fc00a2c39e90264f33305004495a9","hash":"eed9fe124877eb14d3ffb2ead39d6b2639f9aaf0"}
,"T:\\Coding\\FPLApp\\assets\\emblems\\t31.png": {"path":"T:\\Coding\\FPLApp\\assets\\emblems\\t31.png","statementMap":{"0":{"start":{"line":1,"column":0},"end":{"line":4,"column":6}}},"fnMap":{},"branchMap":{},"s":{"0":1},"f":{},"b":{},"_coverageSchema":"1a1c01bbd47fc00a2c39e90264f33305004495a9","hash":"2fae1880d93e6c1c3d90eb045ab358ba85ba421b"}
,"T:\\Coding\\FPLApp\\assets\\emblems\\t36.png": {"path":"T:\\Coding\\FPLApp\\assets\\emblems\\t36.png","statementMap":{"0":{"start":{"line":1,"column":0},"end":{"line":4,"column":6}}},"fnMap":{},"branchMap":{},"s":{"0":1},"f":{},"b":{},"_coverageSchema":"1a1c01bbd47fc00a2c39e90264f33305004495a9","hash":"dd7ee4cd8072b671594dc7ee6d908fd98688aba9"}
,"T:\\Coding\\FPLApp\\assets\\emblems\\t39.png": {"path":"T:\\Coding\\FPLApp\\assets\\emblems\\t39.png","statementMap":{"0":{"start":{"line":1,"column":0},"end":{"line":4,"column":6}}},"fnMap":{},"branchMap":{},"s":{"0":1},"f":{},"b":{},"_coverageSchema":"1a1c01bbd47fc00a2c39e90264f33305004495a9","hash":"9b0a164722504e528e1971ac44a778e42f5a9fea"}
,"T:\\Coding\\FPLApp\\assets\\emblems\\t4.png": {"path":"T:\\Coding\\FPLApp\\assets\\emblems\\t4.png","statementMap":{"0":{"start":{"line":1,"column":0},"end":{"line":4,"column":6}}},"fnMap":{},"branchMap":{},"s":{"0":1},"f":{},"b":{},"_coverageSchema":"1a1c01bbd47fc00a2c39e90264f33305004495a9","hash":"34418a975038b90fc79d78c47fffd56ce1a47a98"}
,"T:\\Coding\\FPLApp\\assets\\emblems\\t43.png": {"path":"T:\\Coding\\FPLApp\\assets\\emblems\\t43.png","statementMap":{"0":{"start":{"line":1,"column":0},"end":{"line":4,"column":6}}},"fnMap":{},"branchMap":{},"s":{"0":1},"f":{},"b":{},"_coverageSchema":"1a1c01bbd47fc00a2c39e90264f33305004495a9","hash":"32a7cf8d0616fbbfddd9eef006068440aa1976fd"}
,"T:\\Coding\\FPLApp\\assets\\emblems\\t45.png": {"path":"T:\\Coding\\FPLApp\\assets\\emblems\\t45.png","statementMap":{"0":{"start":{"line":1,"column":0},"end":{"line":4,"column":6}}},"fnMap":{},"branchMap":{},"s":{"0":1},"f":{},"b":{},"_coverageSchema":"1a1c01bbd47fc00a2c39e90264f33305004495a9","hash":"4f74bf7548828b0a3179925593035018ca08c4eb"}
,"T:\\Coding\\FPLApp\\assets\\emblems\\t54.png": {"path":"T:\\Coding\\FPLApp\\assets\\emblems\\t54.png","statementMap":{"0":{"start":{"line":1,"column":0},"end":{"line":4,"column":6}}},"fnMap":{},"branchMap":{},"s":{"0":1},"f":{},"b":{},"_coverageSchema":"1a1c01bbd47fc00a2c39e90264f33305004495a9","hash":"f50b51545729afae34cbd58fecc48a992fbe6096"}
,"T:\\Coding\\FPLApp\\assets\\emblems\\t57.png": {"path":"T:\\Coding\\FPLApp\\assets\\emblems\\t57.png","statementMap":{"0":{"start":{"line":1,"column":0},"end":{"line":4,"column":6}}},"fnMap":{},"branchMap":{},"s":{"0":1},"f":{},"b":{},"_coverageSchema":"1a1c01bbd47fc00a2c39e90264f33305004495a9","hash":"0ad3b8628bd500944b5b4c09b28a32225c588f75"}
,"T:\\Coding\\FPLApp\\assets\\emblems\\t6.png": {"path":"T:\\Coding\\FPLApp\\assets\\emblems\\t6.png","statementMap":{"0":{"start":{"line":1,"column":0},"end":{"line":4,"column":6}}},"fnMap":{},"branchMap":{},"s":{"0":1},"f":{},"b":{},"_coverageSchema":"1a1c01bbd47fc00a2c39e90264f33305004495a9","hash":"d7dc9fca9a9384f0b2b8be3e280e64f1d52dccde"}
,"T:\\Coding\\FPLApp\\assets\\emblems\\t7.png": {"path":"T:\\Coding\\FPLApp\\assets\\emblems\\t7.png","statementMap":{"0":{"start":{"line":1,"column":0},"end":{"line":4,"column":6}}},"fnMap":{},"branchMap":{},"s":{"0":1},"f":{},"b":{},"_coverageSchema":"1a1c01bbd47fc00a2c39e90264f33305004495a9","hash":"0fc09545354da15035bebee934598138f1162a85"}
,"T:\\Coding\\FPLApp\\assets\\emblems\\t8.png": {"path":"T:\\Coding\\FPLApp\\assets\\emblems\\t8.png","statementMap":{"0":{"start":{"line":1,"column":0},"end":{"line":4,"column":6}}},"fnMap":{},"branchMap":{},"s":{"0":1},"f":{},"b":{},"_coverageSchema":"1a1c01bbd47fc00a2c39e90264f33305004495a9","hash":"1f43311a0b1d29e953979825e5f0f8198b2316c4"}
,"T:\\Coding\\FPLApp\\assets\\emblems\\t90.png": {"path":"T:\\Coding\\FPLApp\\assets\\emblems\\t90.png","statementMap":{"0":{"start":{"line":1,"column":0},"end":{"line":4,"column":6}}},"fnMap":{},"branchMap":{},"s":{"0":1},"f":{},"b":{},"_coverageSchema":"1a1c01bbd47fc00a2c39e90264f33305004495a9","hash":"b1d374a3ea43920810f2ebec4fbf4078ca3e8e2c"}
,"T:\\Coding\\FPLApp\\assets\\emblems\\t91.png": {"path":"T:\\Coding\\FPLApp\\assets\\emblems\\t91.png","statementMap":{"0":{"start":{"line":1,"column":0},"end":{"line":4,"column":6}}},"fnMap":{},"branchMap":{},"s":{"0":1},"f":{},"b":{},"_coverageSchema":"1a1c01bbd47fc00a2c39e90264f33305004495a9","hash":"ce8104080175fc9de4b3e5b8a3e97fabe229b66b"}
,"T:\\Coding\\FPLApp\\assets\\emblems\\t94.png": {"path":"T:\\Coding\\FPLApp\\assets\\emblems\\t94.png","statementMap":{"0":{"start":{"line":1,"column":0},"end":{"line":4,"column":6}}},"fnMap":{},"branchMap":{},"s":{"0":1},"f":{},"b":{},"_coverageSchema":"1a1c01bbd47fc00a2c39e90264f33305004495a9","hash":"7c837ffb2c4917046b6b967edab09efc9cd18812"}
,"T:\\Coding\\FPLApp\\assets\\icons\\calendar.png": {"path":"T:\\Coding\\FPLApp\\assets\\icons\\calendar.png","statementMap":{"0":{"start":{"line":1,"column":0},"end":{"line":4,"column":6}}},"fnMap":{},"branchMap":{},"s":{"0":1},"f":{},"b":{},"_coverageSchema":"1a1c01bbd47fc00a2c39e90264f33305004495a9","hash":"12e55884e27af73db42af51a2f60e5270a8931c9"}
,"T:\\Coding\\FPLApp\\assets\\icons\\checkmark.png": {"path":"T:\\Coding\\FPLApp\\assets\\icons\\checkmark.png","statementMap":{"0":{"start":{"line":1,"column":0},"end":{"line":4,"column":6}}},"fnMap":{},"branchMap":{},"s":{"0":1},"f":{},"b":{},"_coverageSchema":"1a1c01bbd47fc00a2c39e90264f33305004495a9","hash":"ca4f0e003b613b7e4ea902386f9278e38fa78db2"}
,"T:\\Coding\\FPLApp\\assets\\icons\\close.png": {"path":"T:\\Coding\\FPLApp\\assets\\icons\\close.png","statementMap":{"0":{"start":{"line":1,"column":0},"end":{"line":4,"column":6}}},"fnMap":{},"branchMap":{},"s":{"0":1},"f":{},"b":{},"_coverageSchema":"1a1c01bbd47fc00a2c39e90264f33305004495a9","hash":"a88d49fad8ba59948d5f09f005268ae2be8fd313"}
,"T:\\Coding\\FPLApp\\assets\\icons\\cogwheel.png": {"path":"T:\\Coding\\FPLApp\\assets\\icons\\cogwheel.png","statementMap":{"0":{"start":{"line":1,"column":0},"end":{"line":4,"column":6}}},"fnMap":{},"branchMap":{},"s":{"0":1},"f":{},"b":{},"_coverageSchema":"1a1c01bbd47fc00a2c39e90264f33305004495a9","hash":"1a25a474a0660db94d6369b07fd512bd74a6704e"}
,"T:\\Coding\\FPLApp\\assets\\icons\\delete.png": {"path":"T:\\Coding\\FPLApp\\assets\\icons\\delete.png","statementMap":{"0":{"start":{"line":1,"column":0},"end":{"line":4,"column":6}}},"fnMap":{},"branchMap":{},"s":{"0":1},"f":{},"b":{},"_coverageSchema":"1a1c01bbd47fc00a2c39e90264f33305004495a9","hash":"d43718c2e71d32404bd4b2a0651a06eb75eb6a2d"}
,"T:\\Coding\\FPLApp\\assets\\icons\\doubtful.png": {"path":"T:\\Coding\\FPLApp\\assets\\icons\\doubtful.png","statementMap":{"0":{"start":{"line":1,"column":0},"end":{"line":4,"column":6}}},"fnMap":{},"branchMap":{},"s":{"0":1},"f":{},"b":{},"_coverageSchema":"1a1c01bbd47fc00a2c39e90264f33305004495a9","hash":"9fef9bdf7c1df1509b3ba88b4201ea261c891ca8"}
,"T:\\Coding\\FPLApp\\assets\\icons\\dreamteam.png": {"path":"T:\\Coding\\FPLApp\\assets\\icons\\dreamteam.png","statementMap":{"0":{"start":{"line":1,"column":0},"end":{"line":4,"column":6}}},"fnMap":{},"branchMap":{},"s":{"0":1},"f":{},"b":{},"_coverageSchema":"1a1c01bbd47fc00a2c39e90264f33305004495a9","hash":"440e6fcc44f90e76888a25c05a345916ac9a882e"}
,"T:\\Coding\\FPLApp\\assets\\icons\\edit.png": {"path":"T:\\Coding\\FPLApp\\assets\\icons\\edit.png","statementMap":{"0":{"start":{"line":1,"column":0},"end":{"line":4,"column":6}}},"fnMap":{},"branchMap":{},"s":{"0":1},"f":{},"b":{},"_coverageSchema":"1a1c01bbd47fc00a2c39e90264f33305004495a9","hash":"ddd709824822a09eb304ad03351d19f0d23eea0b"}
,"T:\\Coding\\FPLApp\\assets\\icons\\editdisabled.png": {"path":"T:\\Coding\\FPLApp\\assets\\icons\\editdisabled.png","statementMap":{"0":{"start":{"line":1,"column":0},"end":{"line":4,"column":6}}},"fnMap":{},"branchMap":{},"s":{"0":1},"f":{},"b":{},"_coverageSchema":"1a1c01bbd47fc00a2c39e90264f33305004495a9","hash":"4da5787cb0f91f507ed650e415c2f08592fa1cd2"}
,"T:\\Coding\\FPLApp\\assets\\icons\\favourite.png": {"path":"T:\\Coding\\FPLApp\\assets\\icons\\favourite.png","statementMap":{"0":{"start":{"line":1,"column":0},"end":{"line":4,"column":6}}},"fnMap":{},"branchMap":{},"s":{"0":1},"f":{},"b":{},"_coverageSchema":"1a1c01bbd47fc00a2c39e90264f33305004495a9","hash":"0d26f5851f8545decafc92f9e1c793e2216491d3"}
,"T:\\Coding\\FPLApp\\assets\\icons\\filter.png": {"path":"T:\\Coding\\FPLApp\\assets\\icons\\filter.png","statementMap":{"0":{"start":{"line":1,"column":0},"end":{"line":4,"column":6}}},"fnMap":{},"branchMap":{},"s":{"0":1},"f":{},"b":{},"_coverageSchema":"1a1c01bbd47fc00a2c39e90264f33305004495a9","hash":"b83297a769da1095978a81026fa980310dbdf9ae"}
,"T:\\Coding\\FPLApp\\assets\\icons\\info.png": {"path":"T:\\Coding\\FPLApp\\assets\\icons\\info.png","statementMap":{"0":{"start":{"line":1,"column":0},"end":{"line":4,"column":6}}},"fnMap":{},"branchMap":{},"s":{"0":1},"f":{},"b":{},"_coverageSchema":"1a1c01bbd47fc00a2c39e90264f33305004495a9","hash":"ef945ecd71cb9d018abd5d5771a0c632cf7a48d2"}
,"T:\\Coding\\FPLApp\\assets\\icons\\out.png": {"path":"T:\\Coding\\FPLApp\\assets\\icons\\out.png","statementMap":{"0":{"start":{"line":1,"column":0},"end":{"line":4,"column":6}}},"fnMap":{},"branchMap":{},"s":{"0":1},"f":{},"b":{},"_coverageSchema":"1a1c01bbd47fc00a2c39e90264f33305004495a9","hash":"a510db388628c992f790e53d24582a710f0f9216"}
,"T:\\Coding\\FPLApp\\assets\\icons\\playercomparison.png": {"path":"T:\\Coding\\FPLApp\\assets\\icons\\playercomparison.png","statementMap":{"0":{"start":{"line":1,"column":0},"end":{"line":4,"column":6}}},"fnMap":{},"branchMap":{},"s":{"0":1},"f":{},"b":{},"_coverageSchema":"1a1c01bbd47fc00a2c39e90264f33305004495a9","hash":"ee4c168f1761c1fa24b07115b1d2688ce0f64e90"}
,"T:\\Coding\\FPLApp\\assets\\icons\\playersearch.png": {"path":"T:\\Coding\\FPLApp\\assets\\icons\\playersearch.png","statementMap":{"0":{"start":{"line":1,"column":0},"end":{"line":4,"column":6}}},"fnMap":{},"branchMap":{},"s":{"0":1},"f":{},"b":{},"_coverageSchema":"1a1c01bbd47fc00a2c39e90264f33305004495a9","hash":"e6d03c1d512f8c408d1d40e7fdf7cbea61885190"}
,"T:\\Coding\\FPLApp\\assets\\icons\\save.png": {"path":"T:\\Coding\\FPLApp\\assets\\icons\\save.png","statementMap":{"0":{"start":{"line":1,"column":0},"end":{"line":4,"column":6}}},"fnMap":{},"branchMap":{},"s":{"0":1},"f":{},"b":{},"_coverageSchema":"1a1c01bbd47fc00a2c39e90264f33305004495a9","hash":"1bce727f8031e4f4c4ffca2f4062b033d51ac3fe"}
,"T:\\Coding\\FPLApp\\assets\\icons\\search.png": {"path":"T:\\Coding\\FPLApp\\assets\\icons\\search.png","statementMap":{"0":{"start":{"line":1,"column":0},"end":{"line":4,"column":6}}},"fnMap":{},"branchMap":{},"s":{"0":1},"f":{},"b":{},"_coverageSchema":"1a1c01bbd47fc00a2c39e90264f33305004495a9","hash":"e33b8d75b38df06695c6cca56bec0f426c70e88a"}
,"T:\\Coding\\FPLApp\\assets\\icons\\searchpurple.png": {"path":"T:\\Coding\\FPLApp\\assets\\icons\\searchpurple.png","statementMap":{"0":{"start":{"line":1,"column":0},"end":{"line":4,"column":6}}},"fnMap":{},"branchMap":{},"s":{"0":1},"f":{},"b":{},"_coverageSchema":"1a1c01bbd47fc00a2c39e90264f33305004495a9","hash":"0b6be73632753c26d8b95d6ecff543faff0f4716"}
,"T:\\Coding\\FPLApp\\assets\\icons\\strategy.png": {"path":"T:\\Coding\\FPLApp\\assets\\icons\\strategy.png","statementMap":{"0":{"start":{"line":1,"column":0},"end":{"line":4,"column":6}}},"fnMap":{},"branchMap":{},"s":{"0":1},"f":{},"b":{},"_coverageSchema":"1a1c01bbd47fc00a2c39e90264f33305004495a9","hash":"67112dc720c4085b1070918103f2a3cbbf7bd047"}
,"T:\\Coding\\FPLApp\\assets\\icons\\team.png": {"path":"T:\\Coding\\FPLApp\\assets\\icons\\team.png","statementMap":{"0":{"start":{"line":1,"column":0},"end":{"line":4,"column":6}}},"fnMap":{},"branchMap":{},"s":{"0":1},"f":{},"b":{},"_coverageSchema":"1a1c01bbd47fc00a2c39e90264f33305004495a9","hash":"57464daf5963564a392abf99c798079e4081ca54"}
,"T:\\Coding\\FPLApp\\assets\\icons\\unfavourite.png": {"path":"T:\\Coding\\FPLApp\\assets\\icons\\unfavourite.png","statementMap":{"0":{"start":{"line":1,"column":0},"end":{"line":4,"column":6}}},"fnMap":{},"branchMap":{},"s":{"0":1},"f":{},"b":{},"_coverageSchema":"1a1c01bbd47fc00a2c39e90264f33305004495a9","hash":"4c55903f691c744620a8cef8c03407422dbb91cc"}
,"T:\\Coding\\FPLApp\\assets\\jerseys\\1.png": {"path":"T:\\Coding\\FPLApp\\assets\\jerseys\\1.png","statementMap":{"0":{"start":{"line":1,"column":0},"end":{"line":4,"column":6}}},"fnMap":{},"branchMap":{},"s":{"0":1},"f":{},"b":{},"_coverageSchema":"1a1c01bbd47fc00a2c39e90264f33305004495a9","hash":"37000e00d9c2cf995d2ad1ed0908f5a7b562c17a"}
,"T:\\Coding\\FPLApp\\assets\\jerseys\\11.png": {"path":"T:\\Coding\\FPLApp\\assets\\jerseys\\11.png","statementMap":{"0":{"start":{"line":1,"column":0},"end":{"line":4,"column":6}}},"fnMap":{},"branchMap":{},"s":{"0":1},"f":{},"b":{},"_coverageSchema":"1a1c01bbd47fc00a2c39e90264f33305004495a9","hash":"cb9717663bcce71c8220e2d3553770f36353320f"}
,"T:\\Coding\\FPLApp\\assets\\jerseys\\13.png": {"path":"T:\\Coding\\FPLApp\\assets\\jerseys\\13.png","statementMap":{"0":{"start":{"line":1,"column":0},"end":{"line":4,"column":6}}},"fnMap":{},"branchMap":{},"s":{"0":1},"f":{},"b":{},"_coverageSchema":"1a1c01bbd47fc00a2c39e90264f33305004495a9","hash":"852b41139985b3860e7b593f10973e79ef23c53b"}
,"T:\\Coding\\FPLApp\\assets\\jerseys\\14.png": {"path":"T:\\Coding\\FPLApp\\assets\\jerseys\\14.png","statementMap":{"0":{"start":{"line":1,"column":0},"end":{"line":4,"column":6}}},"fnMap":{},"branchMap":{},"s":{"0":1},"f":{},"b":{},"_coverageSchema":"1a1c01bbd47fc00a2c39e90264f33305004495a9","hash":"40ded5a093483582ab7a5d3905871a3fe1613166"}
,"T:\\Coding\\FPLApp\\assets\\jerseys\\17.png": {"path":"T:\\Coding\\FPLApp\\assets\\jerseys\\17.png","statementMap":{"0":{"start":{"line":1,"column":0},"end":{"line":4,"column":6}}},"fnMap":{},"branchMap":{},"s":{"0":1},"f":{},"b":{},"_coverageSchema":"1a1c01bbd47fc00a2c39e90264f33305004495a9","hash":"3ace5f045954dafb5bef0df47bb97bba1359c559"}
,"T:\\Coding\\FPLApp\\assets\\jerseys\\2.png": {"path":"T:\\Coding\\FPLApp\\assets\\jerseys\\2.png","statementMap":{"0":{"start":{"line":1,"column":0},"end":{"line":4,"column":6}}},"fnMap":{},"branchMap":{},"s":{"0":1},"f":{},"b":{},"_coverageSchema":"1a1c01bbd47fc00a2c39e90264f33305004495a9","hash":"68319eae1e6894401ab1b5813ef2dfdec677d237"}
,"T:\\Coding\\FPLApp\\assets\\jerseys\\20.png": {"path":"T:\\Coding\\FPLApp\\assets\\jerseys\\20.png","statementMap":{"0":{"start":{"line":1,"column":0},"end":{"line":4,"column":6}}},"fnMap":{},"branchMap":{},"s":{"0":1},"f":{},"b":{},"_coverageSchema":"1a1c01bbd47fc00a2c39e90264f33305004495a9","hash":"52b9ae9ec31a8e0418ea95e9d585ed27adca3d39"}
,"T:\\Coding\\FPLApp\\assets\\jerseys\\21.png": {"path":"T:\\Coding\\FPLApp\\assets\\jerseys\\21.png","statementMap":{"0":{"start":{"line":1,"column":0},"end":{"line":4,"column":6}}},"fnMap":{},"branchMap":{},"s":{"0":1},"f":{},"b":{},"_coverageSchema":"1a1c01bbd47fc00a2c39e90264f33305004495a9","hash":"d933b3233a3b96cd61bf2ccb84a3a85a5a596fec"}
,"T:\\Coding\\FPLApp\\assets\\jerseys\\3.png": {"path":"T:\\Coding\\FPLApp\\assets\\jerseys\\3.png","statementMap":{"0":{"start":{"line":1,"column":0},"end":{"line":4,"column":6}}},"fnMap":{},"branchMap":{},"s":{"0":1},"f":{},"b":{},"_coverageSchema":"1a1c01bbd47fc00a2c39e90264f33305004495a9","hash":"af26e25dace36ecd3c913812b004d8c411efc987"}
,"T:\\Coding\\FPLApp\\assets\\jerseys\\31.png": {"path":"T:\\Coding\\FPLApp\\assets\\jerseys\\31.png","statementMap":{"0":{"start":{"line":1,"column":0},"end":{"line":4,"column":6}}},"fnMap":{},"branchMap":{},"s":{"0":1},"f":{},"b":{},"_coverageSchema":"1a1c01bbd47fc00a2c39e90264f33305004495a9","hash":"4324f07e80e6c0b660eba82bfc7bf2fccda823b3"}
,"T:\\Coding\\FPLApp\\assets\\jerseys\\36.png": {"path":"T:\\Coding\\FPLApp\\assets\\jerseys\\36.png","statementMap":{"0":{"start":{"line":1,"column":0},"end":{"line":4,"column":6}}},"fnMap":{},"branchMap":{},"s":{"0":1},"f":{},"b":{},"_coverageSchema":"1a1c01bbd47fc00a2c39e90264f33305004495a9","hash":"ba45a0634a80dd4d88965ebebc2347ad77659271"}
,"T:\\Coding\\FPLApp\\assets\\jerseys\\39.png": {"path":"T:\\Coding\\FPLApp\\assets\\jerseys\\39.png","statementMap":{"0":{"start":{"line":1,"column":0},"end":{"line":4,"column":6}}},"fnMap":{},"branchMap":{},"s":{"0":1},"f":{},"b":{},"_coverageSchema":"1a1c01bbd47fc00a2c39e90264f33305004495a9","hash":"3dfb8909884dc226a2d30d12dd8bc67e70075d15"}
,"T:\\Coding\\FPLApp\\assets\\jerseys\\4.png": {"path":"T:\\Coding\\FPLApp\\assets\\jerseys\\4.png","statementMap":{"0":{"start":{"line":1,"column":0},"end":{"line":4,"column":6}}},"fnMap":{},"branchMap":{},"s":{"0":1},"f":{},"b":{},"_coverageSchema":"1a1c01bbd47fc00a2c39e90264f33305004495a9","hash":"6817c8c0bb57f2c51f395455f71da973f3ec1f83"}
,"T:\\Coding\\FPLApp\\assets\\jerseys\\43.png": {"path":"T:\\Coding\\FPLApp\\assets\\jerseys\\43.png","statementMap":{"0":{"start":{"line":1,"column":0},"end":{"line":4,"column":6}}},"fnMap":{},"branchMap":{},"s":{"0":1},"f":{},"b":{},"_coverageSchema":"1a1c01bbd47fc00a2c39e90264f33305004495a9","hash":"d96b18b7117bbc16ea44c8be3309d797a863c920"}
,"T:\\Coding\\FPLApp\\assets\\jerseys\\45.png": {"path":"T:\\Coding\\FPLApp\\assets\\jerseys\\45.png","statementMap":{"0":{"start":{"line":1,"column":0},"end":{"line":4,"column":6}}},"fnMap":{},"branchMap":{},"s":{"0":1},"f":{},"b":{},"_coverageSchema":"1a1c01bbd47fc00a2c39e90264f33305004495a9","hash":"16010cf07a35b242557f5692cfe26d03506d4edb"}
,"T:\\Coding\\FPLApp\\assets\\jerseys\\54.png": {"path":"T:\\Coding\\FPLApp\\assets\\jerseys\\54.png","statementMap":{"0":{"start":{"line":1,"column":0},"end":{"line":4,"column":6}}},"fnMap":{},"branchMap":{},"s":{"0":1},"f":{},"b":{},"_coverageSchema":"1a1c01bbd47fc00a2c39e90264f33305004495a9","hash":"64430e1e5139a23c96b8458c838331fb61f1b484"}
,"T:\\Coding\\FPLApp\\assets\\jerseys\\57.png": {"path":"T:\\Coding\\FPLApp\\assets\\jerseys\\57.png","statementMap":{"0":{"start":{"line":1,"column":0},"end":{"line":4,"column":6}}},"fnMap":{},"branchMap":{},"s":{"0":1},"f":{},"b":{},"_coverageSchema":"1a1c01bbd47fc00a2c39e90264f33305004495a9","hash":"b2a92a87ca97d87e31addb9d9038a02513b77932"}
,"T:\\Coding\\FPLApp\\assets\\jerseys\\6.png": {"path":"T:\\Coding\\FPLApp\\assets\\jerseys\\6.png","statementMap":{"0":{"start":{"line":1,"column":0},"end":{"line":4,"column":6}}},"fnMap":{},"branchMap":{},"s":{"0":1},"f":{},"b":{},"_coverageSchema":"1a1c01bbd47fc00a2c39e90264f33305004495a9","hash":"af4f470be218ddb1ee54ec5a25697764625cfa8e"}
,"T:\\Coding\\FPLApp\\assets\\jerseys\\7.png": {"path":"T:\\Coding\\FPLApp\\assets\\jerseys\\7.png","statementMap":{"0":{"start":{"line":1,"column":0},"end":{"line":4,"column":6}}},"fnMap":{},"branchMap":{},"s":{"0":1},"f":{},"b":{},"_coverageSchema":"1a1c01bbd47fc00a2c39e90264f33305004495a9","hash":"2b972127a52535a040b0383e40dffe3cba2b3c77"}
,"T:\\Coding\\FPLApp\\assets\\jerseys\\8.png": {"path":"T:\\Coding\\FPLApp\\assets\\jerseys\\8.png","statementMap":{"0":{"start":{"line":1,"column":0},"end":{"line":4,"column":6}}},"fnMap":{},"branchMap":{},"s":{"0":1},"f":{},"b":{},"_coverageSchema":"1a1c01bbd47fc00a2c39e90264f33305004495a9","hash":"1626f0c3b51a702a675a9bb2bcc53a8de15fad63"}
,"T:\\Coding\\FPLApp\\assets\\jerseys\\90.png": {"path":"T:\\Coding\\FPLApp\\assets\\jerseys\\90.png","statementMap":{"0":{"start":{"line":1,"column":0},"end":{"line":4,"column":6}}},"fnMap":{},"branchMap":{},"s":{"0":1},"f":{},"b":{},"_coverageSchema":"1a1c01bbd47fc00a2c39e90264f33305004495a9","hash":"12049ee64ded30d1afc04eb2a7ac46627f2098d5"}
,"T:\\Coding\\FPLApp\\assets\\jerseys\\91.png": {"path":"T:\\Coding\\FPLApp\\assets\\jerseys\\91.png","statementMap":{"0":{"start":{"line":1,"column":0},"end":{"line":4,"column":6}}},"fnMap":{},"branchMap":{},"s":{"0":1},"f":{},"b":{},"_coverageSchema":"1a1c01bbd47fc00a2c39e90264f33305004495a9","hash":"e9d7667961a027a893c95c8b1caef136a1267d44"}
,"T:\\Coding\\FPLApp\\assets\\jerseys\\94.png": {"path":"T:\\Coding\\FPLApp\\assets\\jerseys\\94.png","statementMap":{"0":{"start":{"line":1,"column":0},"end":{"line":4,"column":6}}},"fnMap":{},"branchMap":{},"s":{"0":1},"f":{},"b":{},"_coverageSchema":"1a1c01bbd47fc00a2c39e90264f33305004495a9","hash":"9422588498898322b239eac8d051acf16cc83967"}
,"T:\\Coding\\FPLApp\\assets\\stats\\assist.png": {"path":"T:\\Coding\\FPLApp\\assets\\stats\\assist.png","statementMap":{"0":{"start":{"line":1,"column":0},"end":{"line":4,"column":6}}},"fnMap":{},"branchMap":{},"s":{"0":1},"f":{},"b":{},"_coverageSchema":"1a1c01bbd47fc00a2c39e90264f33305004495a9","hash":"86cbaea2d20d8f5aebc24bee41683b8bf2017757"}
,"T:\\Coding\\FPLApp\\assets\\stats\\goal.png": {"path":"T:\\Coding\\FPLApp\\assets\\stats\\goal.png","statementMap":{"0":{"start":{"line":1,"column":0},"end":{"line":4,"column":6}}},"fnMap":{},"branchMap":{},"s":{"0":1},"f":{},"b":{},"_coverageSchema":"1a1c01bbd47fc00a2c39e90264f33305004495a9","hash":"036faab72c105250988876201b062b3158e9b73d"}
,"T:\\Coding\\FPLApp\\assets\\stats\\owngoal.png": {"path":"T:\\Coding\\FPLApp\\assets\\stats\\owngoal.png","statementMap":{"0":{"start":{"line":1,"column":0},"end":{"line":4,"column":6}}},"fnMap":{},"branchMap":{},"s":{"0":1},"f":{},"b":{},"_coverageSchema":"1a1c01bbd47fc00a2c39e90264f33305004495a9","hash":"2f54762f83cf855c10c5479c130a35143804621b"}
,"T:\\Coding\\FPLApp\\assets\\stats\\penaltysave.png": {"path":"T:\\Coding\\FPLApp\\assets\\stats\\penaltysave.png","statementMap":{"0":{"start":{"line":1,"column":0},"end":{"line":4,"column":6}}},"fnMap":{},"branchMap":{},"s":{"0":1},"f":{},"b":{},"_coverageSchema":"1a1c01bbd47fc00a2c39e90264f33305004495a9","hash":"2888379759cf255e04c0b28223b041a4736f0746"}
,"T:\\Coding\\FPLApp\\assets\\stats\\redcard.png": {"path":"T:\\Coding\\FPLApp\\assets\\stats\\redcard.png","statementMap":{"0":{"start":{"line":1,"column":0},"end":{"line":4,"column":6}}},"fnMap":{},"branchMap":{},"s":{"0":1},"f":{},"b":{},"_coverageSchema":"1a1c01bbd47fc00a2c39e90264f33305004495a9","hash":"a420ee286a5bbb03473c17b9bceafcaf9297e211"}
,"T:\\Coding\\FPLApp\\assets\\stats\\yellowcard.png": {"path":"T:\\Coding\\FPLApp\\assets\\stats\\yellowcard.png","statementMap":{"0":{"start":{"line":1,"column":0},"end":{"line":4,"column":6}}},"fnMap":{},"branchMap":{},"s":{"0":1},"f":{},"b":{},"_coverageSchema":"1a1c01bbd47fc00a2c39e90264f33305004495a9","hash":"1a14ec7bea8b58b083cad0c0a86fa71cce5dc306"}
}
